"../../../Engine/Content/Animation/DefaultAnimBoneCompressionSettings.uasset" 0
"../../../Engine/Content/Animation/DefaultAnimCurveCompressionSettings.uasset" 1
"../../../Engine/Content/ArtTools/RenderToTexture/Textures/127grey.uasset" 2
"../../../Engine/Content/Functions/Engine_MaterialFunctions02/Math/InverseTransformMatrix.uasset" 3
"../../../Engine/Content/Functions/Engine_MaterialFunctions02/SafeNormalize.uasset" 4
"../../../Engine/Content/Functions/Engine_MaterialFunctions02/Math/CreateThirdOrthogonalVector.uasset" 5
"../../../Engine/Content/Functions/Engine_MaterialFunctions02/Math/TransformToZVector.uasset" 6
"../../../Engine/Content/Functions/Engine_MaterialFunctions02/Utility/BreakOutFloat3Components.uasset" 7
"../../../Engine/Content/ArtTools/RenderToTexture/MaterialFunctions/MarkRedOutside0-1Range.uasset" 8
"../../../Engine/Content/ArtTools/RenderToTexture/Materials/MPC_R2T.uasset" 9
"../../../Engine/Content/ArtTools/RenderToTexture/Materials/M_RenderCustomHeightmap_01.uasset" 10
"../../../Engine/Content/EngineMaterials/FlatNormal.uasset" 11
"../../../Engine/Content/Functions/Engine_MaterialFunctions01/WorldPositionOffset/FoliageScaleFactor.uasset" 12
"../../../Engine/Content/Functions/Engine_MaterialFunctions02/Utility/Sign.uasset" 13
"../../../Engine/Content/Functions/Engine_MaterialFunctions02/Utility/Round.uasset" 14
"../../../Engine/Content/EngineMaterials/DefaultDiffuse.uasset" 15
"../../../Engine/Content/Functions/Engine_MaterialFunctions01/Texturing/TextureCropping.uasset" 16
"../../../Engine/Content/Functions/Engine_MaterialFunctions01/Texturing/ComputeMipLevel.uasset" 17
"../../../Engine/Content/Functions/Engine_MaterialFunctions02/ExampleContent/Textures/DebugNumberPeriod.uasset" 18
"../../../Engine/Content/Functions/Engine_MaterialFunctions02/ExampleContent/DebugNumberStrip.uasset" 19
"../../../Engine/Content/Functions/Engine_MaterialFunctions02/Utility/DebugScalarValues.uasset" 20
"../../../Engine/Content/Functions/Engine_MaterialFunctions02/ExampleContent/Textures/flipbook.uasset" 21
"../../../Engine/Content/Functions/Engine_MaterialFunctions02/Texturing/FlipBook_MotionVectors.uasset" 22
"../../../Engine/Content/Functions/Engine_MaterialFunctions02/Math/Transform3x3Matrix.uasset" 23
"../../../Engine/Content/Functions/Engine_MaterialFunctions02/Math/Pi.uasset" 24
"../../../Engine/Content/Functions/Engine_MaterialFunctions02/Utility/VectorToRadialValue.uasset" 25
"../../../Engine/Content/ArtTools/RenderToTexture/MaterialFunctions/FoliageZRotation.uasset" 26
"../../../Engine/Content/Functions/Engine_MaterialFunctions02/Utility/BreakOutFloat2Components.uasset" 27
"../../../Engine/Content/ArtTools/RenderToTexture/MaterialFunctions/Imposter_MotionVectors.uasset" 28
"../../../Engine/Content/Functions/Engine_MaterialFunctions02/Utility/DebugFloat2Values.uasset" 29
"../../../Engine/Content/Functions/Engine_MaterialFunctions02/Texturing/FlipBook.uasset" 30
"../../../Engine/Content/ArtTools/RenderToTexture/MaterialFunctions/ImposterUVs.uasset" 31
"../../../Engine/Content/ArtTools/RenderToTexture/Textures/TilingTexturePreview.uasset" 32
"../../../Engine/Content/ArtTools/RenderToTexture/Materials/Imposters/M_ImposterTest_01.uasset" 33
"../../../Engine/Content/ArtTools/RenderToTexture/Materials/Imposters/M_ImposterTest_01_Inst.uasset" 34
"../../../Engine/Content/ArtTools/RenderToTexture/Materials/Imposters/M_ImposterTest_01_Inst_SingleAxis.uasset" 35
"../../../Engine/Content/EngineMaterials/T_Default_Material_Grid_N.uasset" 36
"../../../Engine/Content/EngineMaterials/T_Default_Material_Grid_M.uasset" 37
"../../../Engine/Content/Functions/Engine_MaterialFunctions01/Opacity/CameraDepthFade.uasset" 38
"../../../Engine/Content/EngineMaterials/WorldGridMaterial.uasset" 39
"../../../Engine/Content/ArtTools/RenderToTexture/Meshes/S_1_Unit_Plane.uasset" 40
"../../../Engine/Content/EngineMaterials/DefaultMaterial.uasset" 41
"../../../Engine/Content/BasicShapes/Cone.uasset" 42
"../../../Engine/Content/BasicShapes/Plane.uasset" 43
"../../../Engine/Content/BasicShapes/Sphere.uasset" 44
"../../../Engine/Content/EngineMaterials/DefaultPhysicalMaterial.uasset" 45
"../../../Engine/Content/BufferVisualization/AmbientOcclusion.uasset" 46
"../../../Engine/Content/Functions/Engine_MaterialFunctions02/Utility/AppendMany.uasset" 47
"../../../Engine/Content/BufferVisualization/Anisotropy.uasset" 48
"../../../Engine/Content/BufferVisualization/BaseColor.uasset" 49
"../../../Engine/Content/BufferVisualization/CustomDepth.uasset" 50
"../../../Engine/Content/Functions/Engine_MaterialFunctions02/Utility/VectorLength.uasset" 51
"../../../Engine/Content/BufferVisualization/CustomDepthWorldUnits.uasset" 52
"../../../Engine/Content/EngineMaterials/MiniFont.uasset" 53
"../../../Engine/Content/Functions/Engine_MaterialFunctions02/Utility/MakeFloat3.uasset" 54
"../../../Engine/Content/Functions/Engine_MaterialFunctions02/Utility/MakeFloat2.uasset" 55
"../../../Engine/Content/Functions/Engine_MaterialFunctions02/ScreenResolution.uasset" 56
"../../../Engine/Content/Functions/Engine_MaterialFunctions01/Texturing/ScaleUVsByCenter.uasset" 57
"../../../Engine/Content/Functions/Engine_MaterialFunctions02/Texturing/ScreenAlignedUVs.uasset" 58
"../../../Engine/Content/BufferVisualization/CustomStencil.uasset" 59
"../../../Engine/Content/BufferVisualization/FinalImage.uasset" 60
"../../../Engine/Content/BufferVisualization/LightingModel.uasset" 61
"../../../Engine/Content/BufferVisualization/MaterialAO.uasset" 62
"../../../Engine/Content/BufferVisualization/Metallic.uasset" 63
"../../../Engine/Content/BufferVisualization/Opacity.uasset" 64
"../../../Engine/Content/BufferVisualization/PostTonemapHDRColor.uasset" 65
"../../../Engine/Content/BufferVisualization/PreTonemapHDRColor.uasset" 66
"../../../Engine/Content/BufferVisualization/Roughness.uasset" 67
"../../../Engine/Content/BufferVisualization/SceneColor.uasset" 68
"../../../Engine/Content/BufferVisualization/SceneDepth.uasset" 69
"../../../Engine/Content/BufferVisualization/SceneDepthWorldUnits.uasset" 70
"../../../Engine/Content/BufferVisualization/SeparateTranslucencyA.uasset" 71
"../../../Engine/Content/BufferVisualization/SeparateTranslucencyRGB.uasset" 72
"../../../Engine/Content/BufferVisualization/Specular.uasset" 73
"../../../Engine/Content/BufferVisualization/SubsurfaceColor.uasset" 74
"../../../Engine/Content/BufferVisualization/Velocity.uasset" 75
"../../../Engine/Content/BufferVisualization/WorldNormal.uasset" 76
"../../../Engine/Content/BufferVisualization/WorldTangent.uasset" 77
"../../../Engine/Content/EditorLandscapeResources/DataLayer.uasset" 78
"../../../Engine/Content/EditorLandscapeResources/DefaultAlphaTexture.uasset" 79
"../../../Engine/Content/EditorLandscapeResources/LandscapeGizmoHeight_Mat.uasset" 80
"../../../Engine/Content/EditorLandscapeResources/LandscapeGizmo_Mat.uasset" 81
"../../../Engine/Content/EditorLandscapeResources/LandscapeGizmo_Mat_Copied.uasset" 82
"../../../Engine/Content/EditorLandscapeResources/SplineEditorMeshMat.uasset" 83
"../../../Engine/Content/EditorLandscapeResources/SplineEditorMesh.uasset" 84
"../../../Engine/Content/EditorMaterials/Cross.uasset" 85
"../../../Engine/Content/EditorMaterials/Cross_Mat.uasset" 86
"../../../Engine/Content/EditorResources/T_EditorHelp.uasset" 87
"../../../Engine/Content/EditorMaterials/HelpActorMaterial.uasset" 88
"../../../Engine/Content/EngineMaterials/BlendFunc_DefBlend.uasset" 89
"../../../Engine/Content/EngineMaterials/BlendFunc_DefBase.uasset" 90
"../../../Engine/Content/Functions/Engine_MaterialFunctions03/Procedurals/ComputeFilterWidth.uasset" 91
"../../../Engine/Content/Functions/Engine_MaterialFunctions03/Blends/Blend_Screen.uasset" 92
"../../../Engine/Content/EditorMaterials/TilingAALineIntegral.uasset" 93
"../../../Engine/Content/EditorMaterials/TilingAALineBoxFiltered.uasset" 94
"../../../Engine/Content/EditorMaterials/TilingAAGrid.uasset" 95
"../../../Engine/Content/EditorMaterials/TilingAADots.uasset" 96
"../../../Engine/Content/EditorMaterials/CompositeARGBLayer.uasset" 97
"../../../Engine/Content/EditorMaterials/LevelGridMaterial.uasset" 98
"../../../Engine/Content/EditorResources/LevelGrid1DStripes.uasset" 99
"../../../Engine/Content/EditorMaterials/TextureGridCascaded1D.uasset" 100
"../../../Engine/Content/EditorMaterials/TextureGridCascaded2D.uasset" 101
"../../../Engine/Content/EditorMaterials/MakeCompositeARGBLayer.uasset" 102
"../../../Engine/Content/EditorMaterials/LevelGridMaterial2.uasset" 103
"../../../Engine/Content/EditorMaterials/MAT_Groups_Toggle.uasset" 104
"../../../Engine/Content/EditorMaterials/MAT_Groups_Visibility.uasset" 105
"../../../Engine/Content/EditorMaterials/PhAT_BoneSelectedMaterial.uasset" 106
"../../../Engine/Content/EditorMaterials/PhAT_ElemSelectedMaterial.uasset" 107
"../../../Engine/Content/EditorMaterials/PhAT_NoCollisionMaterial.uasset" 108
"../../../Engine/Content/EditorMaterials/PhAT_UnselectedMaterial.uasset" 109
"../../../Engine/Content/EditorMaterials/PreviewShadowIndicator.uasset" 110
"../../../Engine/Content/EditorMaterials/PreviewShadowIndicatorMaterial.uasset" 111
"../../../Engine/Content/EditorMaterials/TargetIcon.uasset" 112
"../../../Engine/Content/EditorMaterials/Tick.uasset" 113
"../../../Engine/Content/EditorMaterials/Tick_Mat.uasset" 114
"../../../Engine/Content/EditorMaterials/WidgetGridVertexColorMaterial.uasset" 115
"../../../Engine/Content/EditorMaterials/WidgetGridVertexColorMaterial_Ma.uasset" 116
"../../../Engine/Content/EditorMaterials/WidgetMaterial.uasset" 117
"../../../Engine/Content/EditorMaterials/AssetViewer/EpicQuadPanorama_CC+EV1.uasset" 118
"../../../Engine/Content/EditorMaterials/MatineeGroups/MAT_ColorTrack.uasset" 119
"../../../Engine/Content/EditorMaterials/MatineeGroups/MAT_Groups_Anim.uasset" 120
"../../../Engine/Content/EditorMaterials/MatineeGroups/MAT_Groups_AudioMaster.uasset" 121
"../../../Engine/Content/EditorMaterials/MatineeGroups/MAT_Groups_Director.uasset" 122
"../../../Engine/Content/EditorMaterials/MatineeGroups/MAT_Groups_Event.uasset" 123
"../../../Engine/Content/EditorMaterials/MatineeGroups/MAT_Groups_Fade.uasset" 124
"../../../Engine/Content/EditorMaterials/MatineeGroups/MAT_Groups_Float.uasset" 125
"../../../Engine/Content/Functions/Engine_MaterialFunctions01/Shading/ConvertFromDiffSpec.uasset" 126
"../../../Engine/Content/EditorMaterials/MatineeGroups/MAT_Groups_Move.uasset" 127
"../../../Engine/Content/EditorMaterials/MatineeGroups/MAT_Groups_Move_Mat.uasset" 128
"../../../Engine/Content/EditorMaterials/MatineeGroups/MAT_Groups_Right_On.uasset" 129
"../../../Engine/Content/EditorMaterials/MatineeGroups/MAT_Groups_Right_On_Mat.uasset" 130
"../../../Engine/Content/EditorMaterials/MatineeGroups/MAT_Groups_Slomo.uasset" 131
"../../../Engine/Content/EditorMaterials/MatineeGroups/MAT_Groups_Sound.uasset" 132
"../../../Engine/Content/EditorMaterials/MatineeGroups/MAT_Groups_Vector.uasset" 133
"../../../Engine/Content/EditorMaterials/ParticleSystems/PSysThumbnail_NoImage.uasset" 134
"../../../Engine/Content/EditorMaterials/ParticleSystems/PSysThumbnail_OOD.uasset" 135
"../../../Engine/Content/EditorMeshes/EditorCube.uasset" 136
"../../../Engine/Content/EditorMeshes/EditorPlane.uasset" 137
"../../../Engine/Content/EditorMaterials/Thumbnails/SkySphereMaterial.uasset" 138
"../../../Engine/Content/EditorMeshes/EditorSkySphere.uasset" 139
"../../../Engine/Content/EditorMeshes/EditorSphere.uasset" 140
"../../../Engine/Content/EditorResources/MatineeCam_D.uasset" 141
"../../../Engine/Content/EditorMaterials/MatineeCam_mat.uasset" 142
"../../../Engine/Content/EditorMeshes/MatineeCam_SM.uasset" 143
"../../../Engine/Content/EditorMeshes/PlanarReflectionPlane.uasset" 144
"../../../Engine/Content/EngineDebugMaterials/M_SimpleOpaque.uasset" 145
"../../../Engine/Content/EditorMaterials/Camera/MI_CineMat_CamViewFinder.uasset" 146
"../../../Engine/Content/EditorMaterials/Camera/CineMat.uasset" 147
"../../../Engine/Content/EditorMaterials/Camera/MI_CineMat_CameraBody.uasset" 148
"../../../Engine/Content/EditorMeshes/Camera/SM_CineCam.uasset" 149
"../../../Engine/Content/EditorMaterials/Camera/MI_CineMat_Rig.uasset" 150
"../../../Engine/Content/EditorMeshes/Camera/SM_CraneRig_Arm.uasset" 151
"../../../Engine/Content/EditorMeshes/Camera/SM_CraneRig_Base.uasset" 152
"../../../Engine/Content/EditorMeshes/Camera/SM_CraneRig_Body.uasset" 153
"../../../Engine/Content/EditorMeshes/Camera/SM_CraneRig_Mount.uasset" 154
"../../../Engine/Content/EditorMeshes/Camera/SM_RailRig_Mount.uasset" 155
"../../../Engine/Content/EditorMeshes/Camera/SM_RailRig_Track.uasset" 156
"../../../Engine/Content/EditorMeshes/ColorCalibrator/M_ChromeBall.uasset" 157
"../../../Engine/Content/EditorMeshes/ColorCalibrator/Color_checker.uasset" 158
"../../../Engine/Content/EditorMeshes/ColorCalibrator/M_ColorGrid.uasset" 159
"../../../Engine/Content/EditorResources/Bad.uasset" 160
"../../../Engine/Content/EditorResources/BSPVertex.uasset" 161
"../../../Engine/Content/EditorResources/EmptyActor.uasset" 162
"../../../Engine/Content/EditorResources/MatInstActSprite.uasset" 163
"../../../Engine/Content/EditorResources/SceneManager.uasset" 164
"../../../Engine/Content/EditorResources/SmallFont.uasset" 165
"../../../Engine/Content/EditorResources/S_Actor.uasset" 166
"../../../Engine/Content/EditorResources/S_CameraShakeSource.uasset" 167
"../../../Engine/Content/EditorResources/S_DecalActorIcon.uasset" 168
"../../../Engine/Content/EditorResources/S_Emitter.uasset" 169
"../../../Engine/Content/EditorResources/S_ExpoHeightFog.uasset" 170
"../../../Engine/Content/EditorResources/S_FTest.uasset" 171
"../../../Engine/Content/EditorResources/S_KBSJoint.uasset" 172
"../../../Engine/Content/EditorResources/S_KHinge.uasset" 173
"../../../Engine/Content/EditorResources/S_KPrismatic.uasset" 174
"../../../Engine/Content/EditorResources/S_LevelSequence.uasset" 175
"../../../Engine/Content/EditorResources/S_NavP.uasset" 176
"../../../Engine/Content/EditorResources/S_Note.uasset" 177
"../../../Engine/Content/EditorResources/S_Player.uasset" 178
"../../../Engine/Content/EditorResources/S_PortalActorIcon2.uasset" 179
"../../../Engine/Content/EditorResources/S_RadForce.uasset" 180
"../../../Engine/Content/EditorResources/S_ReflActorIcon.uasset" 181
"../../../Engine/Content/EditorResources/S_SkyAtmosphere.uasset" 182
"../../../Engine/Content/EditorResources/S_Solver.uasset" 183
"../../../Engine/Content/EditorResources/S_Terrain.uasset" 184
"../../../Engine/Content/EditorResources/S_TextRenderActorIcon.uasset" 185
"../../../Engine/Content/EditorResources/S_Thruster.uasset" 186
"../../../Engine/Content/EditorResources/S_Trigger.uasset" 187
"../../../Engine/Content/EditorResources/S_VectorFieldVol.uasset" 188
"../../../Engine/Content/EditorResources/S_VolumetricCloud.uasset" 189
"../../../Engine/Content/EditorResources/S_WindDirectional.uasset" 190
"../../../Engine/Content/EditorResources/AI/S_NavLink.uasset" 191
"../../../Engine/Content/EditorResources/AudioIcons/S_AudioComponent_AutoActivate.uasset" 192
"../../../Engine/Content/EditorResources/LightIcons/SkyLight.uasset" 193
"../../../Engine/Content/EditorResources/LightIcons/S_LightDirectional.uasset" 194
"../../../Engine/Content/EditorResources/LightIcons/S_LightDirectionalMove.uasset" 195
"../../../Engine/Content/EditorResources/LightIcons/S_LightError.uasset" 196
"../../../Engine/Content/EditorResources/LightIcons/S_LightPoint.uasset" 197
"../../../Engine/Content/EditorResources/LightIcons/S_LightPointMove.uasset" 198
"../../../Engine/Content/EditorResources/LightIcons/S_LightSpot.uasset" 199
"../../../Engine/Content/EditorResources/LightIcons/S_LightSpotMove.uasset" 200
"../../../Engine/Content/EditorResources/SequenceRecorder/Countdown.uasset" 201
"../../../Engine/Content/EditorResources/SequenceRecorder/RecordingIndicator.uasset" 202
"../../../Engine/Content/EditorResources/Spline/T_Loft_Spline.uasset" 203
"../../../Engine/Content/EditorSounds/Notifications/CompileSuccess.uasset" 204
"../../../Engine/Content/EditorSounds/Notifications/CompileStart_Cue.uasset" 205
"../../../Engine/Content/EngineDamageTypes/DmgTypeBP_Environmental.uasset" 206
"../../../Engine/Content/EngineDebugMaterials/HeatmapGradient.uasset" 207
"../../../Engine/Content/EngineDebugMaterials/BoneWeightMaterial.uasset" 208
"../../../Engine/Content/EngineDebugMaterials/ClothMaterial.uasset" 209
"../../../Engine/Content/EngineDebugMaterials/ClothMaterial_WF.uasset" 210
"../../../Engine/Content/EngineDebugMaterials/DebugEditorMaterial.uasset" 211
"../../../Engine/Content/EngineDebugMaterials/DebugMeshMaterial.uasset" 212
"../../../Engine/Content/EngineDebugMaterials/GeomMaterial.uasset" 213
"../../../Engine/Content/EngineResources/WhiteSquareTexture.uasset" 214
"../../../Engine/Content/EngineDebugMaterials/HeatmapMaterial.uasset" 215
"../../../Engine/Content/EngineDebugMaterials/LevelColorationLitMaterial.uasset" 216
"../../../Engine/Content/EngineDebugMaterials/LevelColorationUnlitMaterial.uasset" 217
"../../../Engine/Content/EngineMaterials/DefaultWhiteGrid.uasset" 218
"../../../Engine/Content/EngineDebugMaterials/MAT_LevelColorationLitLightmapUV.uasset" 219
"../../../Engine/Content/EngineDebugMaterials/M_SimpleUnlitTranslucent.uasset" 220
"../../../Engine/Content/Functions/Engine_MaterialFunctions02/Utility/CameraDirectionVector.uasset" 221
"../../../Engine/Content/EngineDebugMaterials/VolumeToRender.uasset" 222
"../../../Engine/Content/EngineDebugMaterials/M_VolumeRenderSphereTracePP.uasset" 223
"../../../Engine/Content/EngineMaterials/DefaultWhiteGrid_Low.uasset" 224
"../../../Engine/Content/EngineDebugMaterials/PhysicalMaterialMaskMaterial.uasset" 225
"../../../Engine/Content/EngineDebugMaterials/ShadedLevelColorationLitMaterial.uasset" 226
"../../../Engine/Content/EngineDebugMaterials/ShadedLevelColorationUnlitMateri.uasset" 227
"../../../Engine/Content/EngineDebugMaterials/VertexColorMaterial.uasset" 228
"../../../Engine/Content/EngineDebugMaterials/VertexColorViewMode_AlphaAsColor.uasset" 229
"../../../Engine/Content/EngineDebugMaterials/VertexColorViewMode_BlueOnly.uasset" 230
"../../../Engine/Content/EngineDebugMaterials/VertexColorViewMode_ColorOnly.uasset" 231
"../../../Engine/Content/EngineDebugMaterials/VertexColorViewMode_GreenOnly.uasset" 232
"../../../Engine/Content/EngineDebugMaterials/VertexColorViewMode_RedOnly.uasset" 233
"../../../Engine/Content/EngineDebugMaterials/WireframeMaterial.uasset" 234
"../../../Engine/Content/EngineFonts/Faces/RobotoRegular.uasset" 235
"../../../Engine/Content/EngineFonts/Faces/RobotoLight.uasset" 236
"../../../Engine/Content/EngineFonts/Faces/RobotoItalic.uasset" 237
"../../../Engine/Content/EngineFonts/Faces/RobotoBoldItalic.uasset" 238
"../../../Engine/Content/EngineFonts/Faces/RobotoBold.uasset" 239
"../../../Engine/Content/EngineFonts/Faces/DroidSansFallback.uasset" 240
"../../../Engine/Content/EngineFonts/Roboto.uasset" 241
"../../../Engine/Content/EngineFonts/Faces/RobotoTiny.uasset" 242
"../../../Engine/Content/EngineFonts/RobotoTiny.uasset" 243
"../../../Engine/Content/EngineFonts/SmallFont.uasset" 244
"../../../Engine/Content/EngineFonts/TinyFont.uasset" 245
"../../../Engine/Content/EngineMaterials/BaseFlattenNormalMap.uasset" 246
"../../../Engine/Content/EngineMaterials/BaseFlattenGrayscaleMap.uasset" 247
"../../../Engine/Content/EngineMaterials/BaseFlattenEmissiveMap.uasset" 248
"../../../Engine/Content/EngineMaterials/BaseFlattenDiffuseMap.uasset" 249
"../../../Engine/Content/EngineMaterials/BaseFlattenMaterial.uasset" 250
"../../../Engine/Content/EngineMaterials/BlinkingCaret.uasset" 251
"../../../Engine/Content/EngineMaterials/BlueNoise.uasset" 252
"../../../Engine/Content/EngineMaterials/DefaultCubemap.uasset" 253
"../../../Engine/Content/EngineMaterials/CubeMaterial.uasset" 254
"../../../Engine/Content/EngineMaterials/DefaultBloomKernel.uasset" 255
"../../../Engine/Content/EngineMaterials/DefaultBokeh.uasset" 256
"../../../Engine/Content/EngineMaterials/DefaultDeferredDecalMaterial.uasset" 257
"../../../Engine/Content/EngineMaterials/DefaultLightFunctionMaterial.uasset" 258
"../../../Engine/Content/EngineMaterials/DefaultNormal.uasset" 259
"../../../Engine/Content/EngineMaterials/DefaultPostProcessMaterial.uasset" 260
"../../../Engine/Content/EngineFonts/RobotoDistanceField.uasset" 261
"../../../Engine/Content/EngineMaterials/DefaultTextMaterialOpaque.uasset" 262
"../../../Engine/Content/EngineMaterials/EditorBrushMaterial.uasset" 263
"../../../Engine/Content/EngineMaterials/EmissiveMeshMaterial.uasset" 264
"../../../Engine/Content/EngineMaterials/EmissiveTexturedMaterial.uasset" 265
"../../../Engine/Content/EngineMaterials/GizmoMaterial.uasset" 266
"../../../Engine/Content/EngineMaterials/Good64x64TilingNoiseHighFreq.uasset" 267
"../../../Engine/Content/EngineMaterials/Grid_N.uasset" 268
"../../../Engine/Content/EngineMaterials/HighResolutionScreenshotMaskFunction.uasset" 269
"../../../Engine/Content/EngineMaterials/HighResScreenshot.uasset" 270
"../../../Engine/Content/EngineMaterials/HighResScreenshotCaptureRegion.uasset" 271
"../../../Engine/Content/EngineMaterials/HighResScreenshotMask.uasset" 272
"../../../Engine/Content/EngineMaterials/LandscapeHolePhysicalMaterial.uasset" 273
"../../../Engine/Content/EngineMaterials/InvalidLightmapSettings.uasset" 274
"../../../Engine/Content/EngineMaterials/M_InvalidLightmapSettings.uasset" 275
"../../../Engine/Content/EngineMaterials/PaperDiffuse.uasset" 276
"../../../Engine/Content/EngineMaterials/PaperNormal.uasset" 277
"../../../Engine/Content/Functions/Engine_MaterialFunctions02/WorldPositionOffset/CameraOffset.uasset" 278
"../../../Engine/Content/EngineMaterials/PhAT_JointLimitMaterial.uasset" 279
"../../../Engine/Content/EngineMaterials/PhysMat_Rubber.uasset" 280
"../../../Engine/Content/EngineMaterials/PreintegratedSkinBRDF.uasset" 281
"../../../Engine/Content/EngineMaterials/RemoveSurfaceMaterial.uasset" 282
"../../../Engine/Content/EngineMaterials/WaterMaterial.uasset" 283
"../../../Engine/Content/EngineMaterials/WeightMapPlaceholderTexture.uasset" 284
"../../../Engine/Content/Functions/Engine_MaterialFunctions01/ImageAdjustment/sRGBToLinear.uasset" 285
"../../../Engine/Content/EngineMaterials/Widget3DCameraPassThrough_Opaque_OneSided.uasset" 286
"../../../Engine/Content/EngineMaterials/Widget3DPassThrough.uasset" 287
"../../../Engine/Content/EngineMaterials/Widget3DPassThrough_Masked.uasset" 288
"../../../Engine/Content/EngineMaterials/Widget3DPassThrough_Opaque.uasset" 289
"../../../Engine/Content/EngineMaterials/Widget3DPassThrough_Masked_OneSided.uasset" 290
"../../../Engine/Content/EngineMaterials/Widget3DPassThrough_Opaque_OneSided.uasset" 291
"../../../Engine/Content/EngineMaterials/Widget3DPassThrough_Translucent.uasset" 292
"../../../Engine/Content/EngineMaterials/Widget3DPassThrough_Translucent_OneSided.uasset" 293
"../../../Engine/Content/EngineMaterials/T_Default_Material_Grid_N_Low.uasset" 294
"../../../Engine/Content/EngineMaterials/T_Default_Material_Grid_M_Low.uasset" 295
"../../../Engine/Content/EngineMaterials/WorldGridMaterial_Low.uasset" 296
"../../../Engine/Content/EngineMeshes/Cylinder.uasset" 297
"../../../Engine/Content/EngineMeshes/Sphere.uasset" 298
"../../../Engine/Content/EngineResources/Black.uasset" 299
"../../../Engine/Content/EngineResources/DefaultTextureCube.uasset" 300
"../../../Engine/Content/EngineResources/DefaultVolumeTexture2D.uasset" 301
"../../../Engine/Content/EngineResources/DefaultVolumeTexture.uasset" 302
"../../../Engine/Content/EngineResources/GradientTexture0.uasset" 303
"../../../Engine/Content/EngineResources/GrayTextureCube.uasset" 304
"../../../Engine/Content/EngineResources/StreamingPauseIcon.uasset" 305
"../../../Engine/Content/EngineResources/M_StreamingPause.uasset" 306
"../../../Engine/Content/EngineSky/VolumetricClouds/T_NoiseShape64.uasset" 307
"../../../Engine/Content/EngineSky/VolumetricClouds/T_VolumeNoiseShape64.uasset" 308
"../../../Engine/Content/EngineSky/VolumetricClouds/T_NoiseErosion.uasset" 309
"../../../Engine/Content/EngineSky/VolumetricClouds/T_VolumeNoiseErosion32.uasset" 310
"../../../Engine/Content/EngineSky/VolumetricClouds/CloudWeatherTexture.uasset" 311
"../../../Engine/Content/EngineSky/VolumetricClouds/CloudGradientTexture.uasset" 312
"../../../Engine/Content/EngineSky/VolumetricClouds/m_SimpleVolumetricCloud.uasset" 313
"../../../Engine/Content/EngineSky/VolumetricClouds/m_SimpleVolumetricCloud_Inst.uasset" 314
"../../../Engine/Content/EngineSounds/Master.uasset" 315
"../../../Engine/Content/Functions/Engine_MaterialFunctions01/Shading/PowerToRoughness.uasset" 316
"../../../Engine/Content/Maps/Templates/Thumbnails/Default.uasset" 317
"../../../Engine/Content/Maps/Templates/Thumbnails/TimeOfDay.uasset" 318
"../../../Engine/Content/Maps/Templates/Thumbnails/VR-Basic.uasset" 319
"../../../Engine/Content/MapTemplates/daylight.uasset" 320
"../../../Engine/Content/MapTemplates/Sky/DaylightAmbientCubemap.uasset" 321
"../../../Engine/Content/MapTemplates/Sky/DaylightAmbientCubemap_Mat.uasset" 322
"../../../Engine/Content/MapTemplates/Sky/M_Procedural_Sky_MASTER_UE4.uasset" 323
"../../../Engine/Content/MapTemplates/Sky/SunsetAmbientCubemap.uasset" 324
"../../../Engine/Content/MapTemplates/Sky/M_Procedural_Sky_Morning_UE4.uasset" 325
"../../../Engine/Content/MobileResources/T_MobileControls_texture.uasset" 326
"../../../Engine/Content/MobileResources/T_MobileMenu2.uasset" 327
"../../../Engine/Content/MobileResources/HUD/AnalogHat.uasset" 328
"../../../Engine/Content/MobileResources/HUD/VirtualJoystick_Thumb.uasset" 329
"../../../Engine/Content/MobileResources/HUD/VirtualJoystick_Background.uasset" 330
"../../../Engine/Content/MobileResources/HUD/DefaultVirtualJoysticks.uasset" 331
"../../../Engine/Content/MobileResources/HUD/LeftVirtualJoystickOnly.uasset" 332
"../../../Engine/Content/MobileResources/HUD/MobileHUDButton1_off.uasset" 333
"../../../Engine/Content/MobileResources/HUD/MobileHUDButton1_on.uasset" 334
"../../../Engine/Content/MobileResources/HUD/MobileHUDButton2_off.uasset" 335
"../../../Engine/Content/MobileResources/HUD/MobileHUDButton2_on.uasset" 336
"../../../Engine/Content/MobileResources/HUD/MobileHUDButton3.uasset" 337
"../../../Engine/Content/MobileResources/HUD/MobileHUDButtonFire.uasset" 338
"../../../Engine/Content/MobileResources/HUD/MobileHUDDirectionPad.uasset" 339
"../../../Engine/Content/MobileResources/HUD/MobileHUDDirectionPad2.uasset" 340
"../../../Engine/Content/MobileResources/HUD/MobileHUDDirectionPad3.uasset" 341
"../../../Engine/Content/MobileResources/HUD/MobileHUDDirectionStick.uasset" 342
"../../../Engine/Content/MobileResources/HUD/T_Castle_ThumbstickInner.uasset" 343
"../../../Engine/Content/MobileResources/HUD/T_Castle_ThumbstickOutter.uasset" 344
"../../../Engine/Content/Tutorial/ContentIntroCurve.uasset" 345
"../../../Engine/Content/Tutorial/Basics/LevelEditorAttract.uasset" 346
"../../../Engine/Content/Tutorial/Basics/TutorialAssets/icon_tab_Levels_40x.uasset" 347
"../../../Engine/Content/Tutorial/Basics/LevelEditorOverview.uasset" 348
"../../../Engine/Content/Tutorial/BlueprintTutorials/TutorialAssets/Blueprint_64x.uasset" 349
"../../../Engine/Content/Tutorial/BlueprintTutorials/BlueprintEditorTutorial.uasset" 350
"../../../Engine/Content/VREditor/BasicMeshes/T_CleanFloorGrunge_01_D.uasset" 351
"../../../Engine/Content/VREditor/BasicMeshes/M_Floor_01.uasset" 352
"../../../Engine/Content/VREditor/BasicMeshes/MI_Pyramid_01.uasset" 353
"../../../Engine/Content/VREditor/LaserPointer/VR_LaserPower_01.uasset" 354
"../../../Engine/Content/VREditor/LaserPointer/LaserPointerMaterial.uasset" 355
"../../../Engine/Content/VREditor/LaserPointer/LaserPointerMaterialInst.uasset" 356
"../../../Engine/Content/VREditor/LaserPointer/LaserPointerMaterial_Inst.uasset" 357
"../../../Engine/Content/VREditor/TransformGizmo/TranslucentTransformGizmoMaterial.uasset" 358
"../../../Engine/Content/VREditor/TransformGizmo/TransformGizmoMaterial.uasset" 359
"../../../Engine/Content/VREditor/TransformGizmo/BoundingBoxCorner.uasset" 360
"../../../Engine/Content/VREditor/TransformGizmo/BoundingBoxEdge.uasset" 361
"../../../Engine/Content/VREditor/TransformGizmo/PlaneTranslationHandle.uasset" 362
"../../../Engine/Content/VREditor/TransformGizmo/Xray.uasset" 363
"../../../Engine/Content/VREditor/TransformGizmo/Main.uasset" 364
"../../../Engine/Content/VREditor/TransformGizmo/SM_Sequencer_Key.uasset" 365
"../../../Engine/Content/VREditor/TransformGizmo/SM_Sequencer_Node.uasset" 366
"../../../Engine/Content/VREditor/UI/KeyDiskMaterial.uasset" 367
"../../../Engine/Content/VREditor/UI/DiscMaterial.uasset" 368
"../../../../../Users/Ale/OneDrive/Documenti/Unreal Projects/progTecFinale - Copia (2)/Content/MobileStarterContent/Textures/T_CobbleStone_Pebble_N.uasset" 369
"../../../../../Users/Ale/OneDrive/Documenti/Unreal Projects/progTecFinale - Copia (2)/Content/MobileStarterContent/Textures/T_CobbleStone_Pebble_D.uasset" 370
"../../../../../Users/Ale/OneDrive/Documenti/Unreal Projects/progTecFinale - Copia (2)/Content/MobileStarterContent/Materials/M_CobbleStone_Pebble.uasset" 371
"../../../../../Users/Ale/OneDrive/Documenti/Unreal Projects/progTecFinale - Copia (2)/Content/MobileStarterContent/Textures/T_Ground_Grass_N.uasset" 372
"../../../../../Users/Ale/OneDrive/Documenti/Unreal Projects/progTecFinale - Copia (2)/Content/MobileStarterContent/Textures/T_Ground_Grass_D.uasset" 373
"../../../../../Users/Ale/OneDrive/Documenti/Unreal Projects/progTecFinale - Copia (2)/Content/MobileStarterContent/Materials/M_Ground_Grass.uasset" 374
"../../../../../Users/Ale/OneDrive/Documenti/Unreal Projects/progTecFinale - Copia (2)/Content/MobileStarterContent/Textures/T_Ground_Gravel_N.uasset" 375
"../../../../../Users/Ale/OneDrive/Documenti/Unreal Projects/progTecFinale - Copia (2)/Content/MobileStarterContent/Textures/T_Ground_Gravel_D.uasset" 376
"../../../../../Users/Ale/OneDrive/Documenti/Unreal Projects/progTecFinale - Copia (2)/Content/MobileStarterContent/Materials/M_Ground_Gravel.uasset" 377
"../../../../../Users/Ale/OneDrive/Documenti/Unreal Projects/progTecFinale - Copia (2)/Content/MobileStarterContent/Textures/T_Water_N.uasset" 378
"../../../../../Users/Ale/OneDrive/Documenti/Unreal Projects/progTecFinale - Copia (2)/Content/MobileStarterContent/Materials/M_Water_Lake.uasset" 379
"../../../../../Users/Ale/OneDrive/Documenti/Unreal Projects/progTecFinale - Copia (2)/Content/MobileStarterContent/Textures/T_Wood_Pine_N.uasset" 380
"../../../../../Users/Ale/OneDrive/Documenti/Unreal Projects/progTecFinale - Copia (2)/Content/MobileStarterContent/Textures/T_Wood_Pine_D.uasset" 381
"../../../../../Users/Ale/OneDrive/Documenti/Unreal Projects/progTecFinale - Copia (2)/Content/MobileStarterContent/Materials/M_Wood_Pine.uasset" 382
"../../../../../Users/Ale/OneDrive/Documenti/Unreal Projects/progTecFinale - Copia (2)/Content/MobileStarterContent/Textures/T_Frame_N.uasset" 383
"../../../../../Users/Ale/OneDrive/Documenti/Unreal Projects/progTecFinale - Copia (2)/Content/MobileStarterContent/Textures/T_Frame_M.uasset" 384
"../../../../../Users/Ale/OneDrive/Documenti/Unreal Projects/progTecFinale - Copia (2)/Content/MobileStarterContent/Props/Materials/M_Frame.uasset" 385
"../../../Engine/Content/EngineMaterials/Grid.uasset" 386
"../../../../../Users/Ale/OneDrive/Documenti/Unreal Projects/progTecFinale - Copia (2)/Content/Rolling/Materials/PM_Ball.uasset" 387
"../../../../../Users/Ale/OneDrive/Documenti/Unreal Projects/progTecFinale - Copia (2)/Content/Rolling/Materials/M_Blue_Checker.uasset" 388
"../../../../../Users/Ale/OneDrive/Documenti/Unreal Projects/progTecFinale - Copia (2)/Content/Rolling/Meshes/BallMesh.uasset" 389
"../../../Engine/Content/VREditor/BasicMeshes/MI_Ball_01.uasset" 390
"../../../Engine/Content/VREditor/BasicMeshes/SM_Ball_01.uasset" 391
"../../../Engine/Content/EngineDebugMaterials/TangentColorMap.uasset" 392
"../../../Engine/Content/EngineDebugMaterials/TangentColorMaterial.uasset" 393
"../../../../../Users/Ale/OneDrive/Documenti/Unreal Projects/progTecFinale - Copia (2)/Content/mieClassi/MieClassi/FallingEnemy_1.uasset" 394
"../../../../../Users/Ale/OneDrive/Documenti/Unreal Projects/progTecFinale - Copia (2)/Content/Mannequin/Character/Textures/UE4Man_Logo_N.uasset" 395
"../../../../../Users/Ale/OneDrive/Documenti/Unreal Projects/progTecFinale - Copia (2)/Content/Mannequin/Character/Textures/T_UE4_Mannequin_Mobile_N.uasset" 396
"../../../../../Users/Ale/OneDrive/Documenti/Unreal Projects/progTecFinale - Copia (2)/Content/Mannequin/Character/Textures/T_UE4_Mannequin_Mobile_M.uasset" 397
"../../../../../Users/Ale/OneDrive/Documenti/Unreal Projects/progTecFinale - Copia (2)/Content/Mannequin/Character/Materials/MaterialLayers/T_ML_Aluminum01_N.uasset" 398
"../../../../../Users/Ale/OneDrive/Documenti/Unreal Projects/progTecFinale - Copia (2)/Content/Mannequin/Character/Materials/MaterialLayers/T_ML_Aluminum01.uasset" 399
"../../../../../Users/Ale/OneDrive/Documenti/Unreal Projects/progTecFinale - Copia (2)/Content/Mannequin/Character/Materials/MaterialLayers/ML_SoftMetal_UE4.uasset" 400
"../../../../../Users/Ale/OneDrive/Documenti/Unreal Projects/progTecFinale - Copia (2)/Content/Mannequin/Character/Textures/UE4_LOGO_CARD.uasset" 401
"../../../../../Users/Ale/OneDrive/Documenti/Unreal Projects/progTecFinale - Copia (2)/Content/Mannequin/Character/Materials/MaterialLayers/ML_Plastic_Shiny_Beige_LOGO.uasset" 402
"../../../../../Users/Ale/OneDrive/Documenti/Unreal Projects/progTecFinale - Copia (2)/Content/Mannequin/Character/Materials/MaterialLayers/ML_Plastic_Shiny_Beige.uasset" 403
"../../../../../Users/Ale/OneDrive/Documenti/Unreal Projects/progTecFinale - Copia (2)/Content/Mannequin/Character/Materials/MaterialLayers/T_ML_Rubber_Blue_01_N.uasset" 404
"../../../../../Users/Ale/OneDrive/Documenti/Unreal Projects/progTecFinale - Copia (2)/Content/Mannequin/Character/Materials/MaterialLayers/T_ML_Rubber_Blue_01_D.uasset" 405
"../../../../../Users/Ale/OneDrive/Documenti/Unreal Projects/progTecFinale - Copia (2)/Content/Mannequin/Character/Materials/MaterialLayers/ML_GlossyBlack_Latex_UE4.uasset" 406
"../../../Engine/Content/Functions/MaterialLayerFunctions/MatLayerBlend_Simple.uasset" 407
"../../../Engine/Content/Functions/Engine_MaterialFunctions02/Utility/BlendAngleCorrectedNormals.uasset" 408
"../../../Engine/Content/Functions/MaterialLayerFunctions/MatLayerBlend_NormalBlend.uasset" 409
"../../../../../Users/Ale/OneDrive/Documenti/Unreal Projects/progTecFinale - Copia (2)/Content/Mannequin/Character/Materials/M_UE4Man_Body.uasset" 410
"../../../../../Users/Ale/OneDrive/Documenti/Unreal Projects/progTecFinale - Copia (2)/Content/Mannequin/Character/Materials/M_UE4Man_ChestLogo.uasset" 411
"../../../../../Users/Ale/OneDrive/Documenti/Unreal Projects/progTecFinale - Copia (2)/Content/Mannequin/Character/Mesh/SK_Mannequin_Skeleton.uasset" 412
"../../../../../Users/Ale/OneDrive/Documenti/Unreal Projects/progTecFinale - Copia (2)/Content/Mannequin/Character/Mesh/SK_Mannequin.uasset" 413
"../../../../../Users/Ale/OneDrive/Documenti/Unreal Projects/progTecFinale - Copia (2)/Content/Mannequin/Animations/ThirdPersonWalk.uasset" 414
"../../../../../Users/Ale/OneDrive/Documenti/Unreal Projects/progTecFinale - Copia (2)/Content/Mannequin/Animations/ThirdPersonRun.uasset" 415
"../../../../../Users/Ale/OneDrive/Documenti/Unreal Projects/progTecFinale - Copia (2)/Content/Mannequin/Animations/ThirdPersonIdle.uasset" 416
"../../../../../Users/Ale/OneDrive/Documenti/Unreal Projects/progTecFinale - Copia (2)/Content/Mannequin/Animations/ThirdPerson_IdleRun_2D.uasset" 417
"../../../../../Users/Ale/OneDrive/Documenti/Unreal Projects/progTecFinale - Copia (2)/Content/Mannequin/Animations/ThirdPersonJump_Start.uasset" 418
"../../../../../Users/Ale/OneDrive/Documenti/Unreal Projects/progTecFinale - Copia (2)/Content/Mannequin/Animations/ThirdPersonJump_Loop.uasset" 419
"../../../../../Users/Ale/OneDrive/Documenti/Unreal Projects/progTecFinale - Copia (2)/Content/Mannequin/Animations/ThirdPersonJump_End.uasset" 420
"../../../Engine/Content/EditorBlueprintResources/StandardMacros.uasset" 421
"../../../../../Users/Ale/OneDrive/Documenti/Unreal Projects/progTecFinale - Copia (2)/Content/Mannequin/Animations/ThirdPerson_AnimBP.uasset" 422
"../../../../../Users/Ale/OneDrive/Documenti/Unreal Projects/progTecFinale - Copia (2)/Content/ThirdPersonCPP/Blueprints/ThirdPersonCharacter.uasset" 423
"../../../Engine/Content/Tutorial/SubEditors/TutorialAssets/T_soft_smoke.uasset" 424
"../../../Engine/Content/Tutorial/SubEditors/TutorialAssets/T_SmokeSubUV_8X8.uasset" 425
"../../../Engine/Content/Tutorial/SubEditors/TutorialAssets/M_smoke_subUV_blackbody.uasset" 426
"../../../Engine/Content/Tutorial/SubEditors/TutorialAssets/TutorialParticleSystem.uasset" 427
"../../../Engine/Content/Functions/Engine_MaterialFunctions01/Gradient/RadialGradient.uasset" 428
"../../../../../Users/Ale/OneDrive/Documenti/Unreal Projects/progTecFinale - Copia (2)/Content/MobileStarterContent/Particles/Materials/M_Radial_Gradient.uasset" 429
"../../../../../Users/Ale/OneDrive/Documenti/Unreal Projects/progTecFinale - Copia (2)/Content/MobileStarterContent/Textures/T_Fire_Tiled_D.uasset" 430
"../../../../../Users/Ale/OneDrive/Documenti/Unreal Projects/progTecFinale - Copia (2)/Content/MobileStarterContent/Textures/T_Fire_SubUV.uasset" 431
"../../../../../Users/Ale/OneDrive/Documenti/Unreal Projects/progTecFinale - Copia (2)/Content/MobileStarterContent/Particles/Materials/M_Fire_SubUV.uasset" 432
"../../../../../Users/Ale/OneDrive/Documenti/Unreal Projects/progTecFinale - Copia (2)/Content/MobileStarterContent/Textures/T_Smoke_Tiled_D.uasset" 433
"../../../../../Users/Ale/OneDrive/Documenti/Unreal Projects/progTecFinale - Copia (2)/Content/MobileStarterContent/Textures/T_Smoke_SubUV.uasset" 434
"../../../../../Users/Ale/OneDrive/Documenti/Unreal Projects/progTecFinale - Copia (2)/Content/MobileStarterContent/Particles/Materials/M_smoke_subUV.uasset" 435
"../../../../../Users/Ale/OneDrive/Documenti/Unreal Projects/progTecFinale - Copia (2)/Content/MobileStarterContent/Particles/P_Fire.uasset" 436
"../../../../../Users/Ale/OneDrive/Documenti/Unreal Projects/progTecFinale - Copia (2)/Content/MobileStarterContent/Audio/Fire01.uasset" 437
"../../../../../Users/Ale/OneDrive/Documenti/Unreal Projects/progTecFinale - Copia (2)/Content/MobileStarterContent/Audio/Fire01_Cue.uasset" 438
"../../../../../Users/Ale/OneDrive/Documenti/Unreal Projects/progTecFinale - Copia (2)/Content/MobileStarterContent/Blueprints/Blueprint_Effect_Fire.uasset" 439
"../../../../../Users/Ale/OneDrive/Documenti/Unreal Projects/progTecFinale - Copia (2)/Content/RollingBP/Blueprints/miaPalla.uasset" 440
"../../../../../Users/Ale/OneDrive/Documenti/Unreal Projects/progTecFinale - Copia (2)/Content/RollingBP/Blueprints/mieRegole.uasset" 441
"../../../../../Users/Ale/OneDrive/Documenti/Unreal Projects/progTecFinale - Copia (2)/Content/RollingBP/Blueprints/RollingGameMode.uasset" 442
"../../Plugins/2D/Paper2D/Content/PlaceholderTextures/DummySpriteTexture.uasset" 443
"../../Plugins/2D/Paper2D/Content/DummySprite.uasset" 444
"../../Plugins/2D/Paper2D/Content/DefaultPaperTerrainMaterial.uasset" 445
"../../Plugins/2D/Paper2D/Content/DefaultSpriteMaterial.uasset" 446
"../../Plugins/2D/Paper2D/Content/MaskedUnlitSpriteMaterial.uasset" 447
"../../Plugins/2D/Paper2D/Content/OpaqueUnlitSpriteMaterial.uasset" 448
"../../Plugins/FX/Niagara/Content/Enums/ENiagaraCoordinateSpace.uasset" 449
"../../Plugins/FX/Niagara/Content/Enums/ENiagaraOrientationAxis.uasset" 450
"../../Plugins/FX/Niagara/Content/Enums/ENiagaraRandomnessMode.uasset" 451
"../../Plugins/FX/Niagara/Content/Icons/S_ParticleSystem.uasset" 452
"../../../Engine/Content/Functions/Engine_MaterialFunctions02/ObjectLocalBounds.uasset" 453
"../../../Engine/Content/Functions/Engine_MaterialFunctions02/UVs/BoundingBoxBased_0-1_UVW.uasset" 454
"../../Plugins/Editor/SpeedTreeImporter/Content/SpeedTree9/UnpackInteger3.uasset" 455
"../../Plugins/Editor/SpeedTreeImporter/Content/SpeedTree9/UnpackDirection.uasset" 456
"../../Plugins/Editor/SpeedTreeImporter/Content/SpeedTree9/game_wind_noise.uasset" 457
"../../Plugins/Editor/SpeedTreeImporter/Content/SpeedTree9/SpeedTreeWindMotion.uasset" 458
"../../Plugins/Editor/SpeedTreeImporter/Content/SpeedTree9/SpeedTreeBranchMotion.uasset" 459
"../../Plugins/Editor/SpeedTreeImporter/Content/SpeedTree9/SpeedTreeWind.uasset" 460
"../../Plugins/Editor/SpeedTreeImporter/Content/SpeedTree9/SpeedTreeBillboard.uasset" 461
"../../../Engine/Content/EngineResources/DefaultTexture.uasset" 462
"../../Plugins/Editor/SpeedTreeImporter/Content/SpeedTree9/SpeedTreeBillboardMaster.uasset" 463
"../../Plugins/Editor/SpeedTreeImporter/Content/SpeedTree9/SpeedTreeCameraFacing.uasset" 464
"../../Plugins/Editor/SpeedTreeImporter/Content/SpeedTree9/SpeedTreeMaster.uasset" 465
"../../../Engine/Content/BasicShapes/Cylinder.uasset" 466
"../../../Engine/Content/ArtTools/RenderToTexture/Materials/Debug/M_Emissive_Color.uasset" 467
"../../Plugins/Lumin/MagicLeapPassableWorld/Content/MagicLeapARPinInfoActor.uasset" 468
"../../../Engine/Content/Functions/Engine_MaterialFunctions02/Utility/BreakOutFloat4Components.uasset" 469
"../../Plugins/Runtime/Oculus/OculusVR/Content/Materials/OculusMR_ChromaKey.uasset" 470
"../../Plugins/Runtime/Oculus/OculusVR/Content/Materials/OculusMR_OpaqueColoredMaterial.uasset" 471
"../../Plugins/Runtime/Oculus/OculusVR/Content/Materials/PokeAHoleMaterial.uasset" 472
"../../../Engine/Content/Maps/Entry_BuiltData.uasset" 473
"../../../Engine/Content/Maps/Entry.umap" 474
"../../../../../Users/Ale/OneDrive/Documenti/Unreal Projects/progTecFinale - Copia (2)/Content/mieiWidget/Menu.uasset" 475
"../../../../../Users/Ale/OneDrive/Documenti/Unreal Projects/progTecFinale - Copia (2)/Content/Maps/MainMenuLevel.umap" 476
"../../../../../Users/Ale/OneDrive/Documenti/Unreal Projects/progTecFinale - Copia (2)/Content/mieiWidget/HealthBar.uasset" 477
"../../../../../Users/Ale/OneDrive/Documenti/Unreal Projects/progTecFinale - Copia (2)/Content/Geometry/Meshes/CubeMaterial.uasset" 478
"../../../../../Users/Ale/OneDrive/Documenti/Unreal Projects/progTecFinale - Copia (2)/Content/Geometry/Meshes/1M_Cube.uasset" 479
"../../../Engine/Content/MapTemplates/Materials/BasicAsset03.uasset" 480
"../../../Engine/Content/BasicShapes/Cube.uasset" 481
"../../../../../Users/Ale/OneDrive/Documenti/Unreal Projects/progTecFinale - Copia (2)/Content/mieClassi/MieClassi/MovingPlatfromSide2Side.uasset" 482
"../../../Engine/Content/BasicShapes/BasicShapeMaterial.uasset" 483
"../../../../../Users/Ale/OneDrive/Documenti/Unreal Projects/progTecFinale - Copia (2)/Content/mieClassi/MieClassi/MovingActorSpline.uasset" 484
"../../../../../Users/Ale/OneDrive/Documenti/Unreal Projects/progTecFinale - Copia (2)/Content/MobileStarterContent/Textures/T_Rock_Sandstone_N.uasset" 485
"../../../../../Users/Ale/OneDrive/Documenti/Unreal Projects/progTecFinale - Copia (2)/Content/MobileStarterContent/Textures/T_Rock_Sandstone_D.uasset" 486
"../../../../../Users/Ale/OneDrive/Documenti/Unreal Projects/progTecFinale - Copia (2)/Content/MobileStarterContent/Materials/M_Rock_Sandstone.uasset" 487
"../../../Engine/Content/EditorMaterials/Thumbnails/FloorPlaneMaterial.uasset" 488
"../../../../../Users/Ale/OneDrive/Documenti/Unreal Projects/progTecFinale - Copia (2)/Content/mieClassi/MieClassi/Mesh_Colonna.uasset" 489
"../../../../../Users/Ale/OneDrive/Documenti/Unreal Projects/progTecFinale - Copia (2)/Content/mieClassi/MieClassi/Mesh_Colonna9_Blueprint.uasset" 490
"../../../../../Users/Ale/OneDrive/Documenti/Unreal Projects/progTecFinale - Copia (2)/Content/MobileStarterContent/Materials/M_Basic_Wall.uasset" 491
"../../../../../Users/Ale/OneDrive/Documenti/Unreal Projects/progTecFinale - Copia (2)/Content/MobileStarterContent/Shapes/Shape_Cylinder.uasset" 492
"../../../../../Users/Ale/OneDrive/Documenti/Unreal Projects/progTecFinale - Copia (2)/Content/MobileStarterContent/Textures/T_Door_N.uasset" 493
"../../../../../Users/Ale/OneDrive/Documenti/Unreal Projects/progTecFinale - Copia (2)/Content/MobileStarterContent/Textures/T_Door_M.uasset" 494
"../../../../../Users/Ale/OneDrive/Documenti/Unreal Projects/progTecFinale - Copia (2)/Content/MobileStarterContent/Props/Materials/M_Door.uasset" 495
"../../../Engine/Content/EditorMeshes/EditorCylinder.uasset" 496
"../../../../../Users/Ale/OneDrive/Documenti/Unreal Projects/progTecFinale - Copia (2)/Content/mieClassi/MieClassi/FaroRotante.uasset" 497
"../../../../../Users/Ale/OneDrive/Documenti/Unreal Projects/progTecFinale - Copia (2)/Content/Maps/vittoria_Blueprint.uasset" 498
"../../../../../Users/Ale/OneDrive/Documenti/Unreal Projects/progTecFinale - Copia (2)/Content/MobileStarterContent/Textures/T_Water_M.uasset" 499
"../../../../../Users/Ale/OneDrive/Documenti/Unreal Projects/progTecFinale - Copia (2)/Content/MobileStarterContent/Materials/M_Water_Ocean.uasset" 500
"../../../../../Users/Ale/OneDrive/Documenti/Unreal Projects/progTecFinale - Copia (2)/Content/bk/Cube_Blueprint.uasset" 501
"../../../Engine/Content/Tutorial/SubEditors/TutorialAssets/Character/TutorialTPP_Mat.uasset" 502
"../../../Engine/Content/MapTemplates/Materials/BasicAsset01.uasset" 503
"../../../Engine/Content/EditorMaterials/WidgetVertexColorMaterial.uasset" 504
"../../../Engine/Content/EditorMaterials/WidgetMaterial_Z.uasset" 505
"../../../Engine/Content/EditorMaterials/WidgetMaterial_X.uasset" 506
"../../../Engine/Content/EditorMaterials/GridMaterial.uasset" 507
"../../../Engine/Content/EditorMaterials/WidgetMaterial_Y.uasset" 508
"../../../Engine/Content/EditorMaterials/WidgetMaterial_Current.uasset" 509
"../../../../../Users/Ale/OneDrive/Documenti/Unreal Projects/progTecFinale - Copia (2)/Content/Rolling/Materials/BaseMaterial.uasset" 510
"../../../../../Users/Ale/OneDrive/Documenti/Unreal Projects/progTecFinale - Copia (2)/Content/MobileStarterContent/Textures/T_Tech_Hex_Tile_N.uasset" 511
"../../../../../Users/Ale/OneDrive/Documenti/Unreal Projects/progTecFinale - Copia (2)/Content/MobileStarterContent/Textures/T_Tech_Hex_Tile_M.uasset" 512
"../../../../../Users/Ale/OneDrive/Documenti/Unreal Projects/progTecFinale - Copia (2)/Content/MobileStarterContent/Textures/T_MacroVariation.uasset" 513
"../../../../../Users/Ale/OneDrive/Documenti/Unreal Projects/progTecFinale - Copia (2)/Content/MobileStarterContent/Materials/M_Tech_Hex_Tile_Pulse.uasset" 514
"../../../../../Users/Ale/OneDrive/Documenti/Unreal Projects/progTecFinale - Copia (2)/Content/Maps/MyLevel_BuiltData.uasset" 515
"../../../../../Users/Ale/OneDrive/Documenti/Unreal Projects/progTecFinale - Copia (2)/Content/Meshes/StaticMesh_Blueprint.uasset" 516
"../../../../../Users/Ale/OneDrive/Documenti/Unreal Projects/progTecFinale - Copia (2)/Content/MobileStarterContent/Textures/T_Metal_Rust_N.uasset" 517
"../../../../../Users/Ale/OneDrive/Documenti/Unreal Projects/progTecFinale - Copia (2)/Content/MobileStarterContent/Textures/T_Concrete_Grime_D.uasset" 518
"../../../../../Users/Ale/OneDrive/Documenti/Unreal Projects/progTecFinale - Copia (2)/Content/MobileStarterContent/Materials/M_Concrete_Grime.uasset" 519
"../../../../../Users/Ale/OneDrive/Documenti/Unreal Projects/progTecFinale - Copia (2)/Content/Maps/TriggerBox_Blueprint.uasset" 520
"../../../../../Users/Ale/OneDrive/Documenti/Unreal Projects/progTecFinale - Copia (2)/Content/mieiWidget/Notifiche.uasset" 521
"../../../Engine/Content/VREditor/LaserPointer/HoverMaterial.uasset" 522
"../../../Engine/Content/EngineMeshes/Cube.uasset" 523
"../../../../../Users/Ale/OneDrive/Documenti/Unreal Projects/progTecFinale - Copia (2)/Content/MycubiVolanti.uasset" 524
"../../../Engine/Content/EngineDebugMaterials/M_SimpleTranslucent.uasset" 525
"../../../Engine/Content/EngineSky/T_Sky_Stars.uasset" 526
"../../../Engine/Content/EngineSky/T_Sky_Clouds_M.uasset" 527
"../../../Engine/Content/EngineSky/T_Sky_Blue.uasset" 528
"../../../Engine/Content/EngineSky/M_Sky_Panning_Clouds2.uasset" 529
"../../../Engine/Content/EngineSky/SM_SkySphere.uasset" 530
"../../../Engine/Content/EngineSky/C_Sky_Zenith_Color.uasset" 531
"../../../Engine/Content/EngineSky/C_Sky_Horizon_Color.uasset" 532
"../../../Engine/Content/EngineSky/C_Sky_Cloud_Color.uasset" 533
"../../../Engine/Content/EngineSky/BP_Sky_Sphere.uasset" 534
"../../../Engine/Content/EditorMeshes/ColorCalibrator/M_ClearCoat.uasset" 535
"../../../../../Users/Ale/OneDrive/Documenti/Unreal Projects/progTecFinale - Copia (2)/Content/Maps/MyLevel.umap" 536
