"../../../../../Users/Ale/OneDrive/Documenti/Unreal Projects/progTecFinale/Content/Mannequin/Character/Mesh/UE4_Mannequin_Skeleton.uasset" 0
"../../../../../Users/Ale/OneDrive/Documenti/Unreal Projects/progTecFinale/Content/Mannequin/Animations/ThirdPerson_Jump.uasset" 1
"../../../../../Users/Ale/OneDrive/Documenti/Unreal Projects/progTecFinale/Content/Mannequin/Character/Mesh/SK_Mannequin_Female_PhysicsAsset.uasset" 2
"../../../../../Users/Ale/OneDrive/Documenti/Unreal Projects/progTecFinale/Content/Mannequin/Character/Textures/UE4Man_Logo_N.uasset" 3
"../../../../../Users/Ale/OneDrive/Documenti/Unreal Projects/progTecFinale/Content/Mannequin/Character/Textures/T_UE4_Mannequin_Mobile_N.uasset" 4
"../../../../../Users/Ale/OneDrive/Documenti/Unreal Projects/progTecFinale/Content/Mannequin/Character/Textures/T_UE4_Mannequin_Mobile_M.uasset" 5
"../../../../../Users/Ale/OneDrive/Documenti/Unreal Projects/progTecFinale/Content/Mannequin/Character/Materials/MaterialLayers/T_ML_Aluminum01_N.uasset" 6
"../../../../../Users/Ale/OneDrive/Documenti/Unreal Projects/progTecFinale/Content/Mannequin/Character/Materials/MaterialLayers/T_ML_Aluminum01.uasset" 7
"../../../../../Users/Ale/OneDrive/Documenti/Unreal Projects/progTecFinale/Content/Mannequin/Character/Materials/MaterialLayers/ML_SoftMetal_UE4.uasset" 8
"../../../../../Users/Ale/OneDrive/Documenti/Unreal Projects/progTecFinale/Content/Mannequin/Character/Textures/UE4_LOGO_CARD.uasset" 9
"../../../../../Users/Ale/OneDrive/Documenti/Unreal Projects/progTecFinale/Content/Mannequin/Character/Materials/MaterialLayers/ML_Plastic_Shiny_Beige_LOGO.uasset" 10
"../../../../../Users/Ale/OneDrive/Documenti/Unreal Projects/progTecFinale/Content/Mannequin/Character/Materials/MaterialLayers/ML_Plastic_Shiny_Beige.uasset" 11
"../../../../../Users/Ale/OneDrive/Documenti/Unreal Projects/progTecFinale/Content/Mannequin/Character/Materials/MaterialLayers/T_ML_Rubber_Blue_01_N.uasset" 12
"../../../../../Users/Ale/OneDrive/Documenti/Unreal Projects/progTecFinale/Content/Mannequin/Character/Materials/MaterialLayers/T_ML_Rubber_Blue_01_D.uasset" 13
"../../../../../Users/Ale/OneDrive/Documenti/Unreal Projects/progTecFinale/Content/Mannequin/Character/Materials/MaterialLayers/ML_GlossyBlack_Latex_UE4.uasset" 14
"../../../Engine/Content/Functions/MaterialLayerFunctions/MatLayerBlend_Simple.uasset" 15
"../../../Engine/Content/Functions/Engine_MaterialFunctions02/Utility/BlendAngleCorrectedNormals.uasset" 16
"../../../Engine/Content/Functions/MaterialLayerFunctions/MatLayerBlend_NormalBlend.uasset" 17
"../../../../../Users/Ale/OneDrive/Documenti/Unreal Projects/progTecFinale/Content/Mannequin/Character/Materials/M_UE4Man_Body.uasset" 18
"../../../../../Users/Ale/OneDrive/Documenti/Unreal Projects/progTecFinale/Content/Mannequin/Character/Materials/M_UE4Man_ChestLogo.uasset" 19
"../../../../../Users/Ale/OneDrive/Documenti/Unreal Projects/progTecFinale/Content/Mannequin/Character/Textures/T_UE4Logo_Mask.uasset" 20
"../../../../../Users/Ale/OneDrive/Documenti/Unreal Projects/progTecFinale/Content/Mannequin/Character/Textures/T_Male_N.uasset" 21
"../../../../../Users/Ale/OneDrive/Documenti/Unreal Projects/progTecFinale/Content/Mannequin/Character/Textures/T_Male_Mask.uasset" 22
"../../../../../Users/Ale/OneDrive/Documenti/Unreal Projects/progTecFinale/Content/Mannequin/Character/Textures/T_Female_N.uasset" 23
"../../../../../Users/Ale/OneDrive/Documenti/Unreal Projects/progTecFinale/Content/Mannequin/Character/Textures/T_Female_Mask.uasset" 24
"../../../../../Users/Ale/OneDrive/Documenti/Unreal Projects/progTecFinale/Content/Mannequin/Character/Materials/M_Male_Body.uasset" 25
"../../../../../Users/Ale/OneDrive/Documenti/Unreal Projects/progTecFinale/Content/Mannequin/Character/Materials/MI_Female_Body.uasset" 26
"../../../../../Users/Ale/OneDrive/Documenti/Unreal Projects/progTecFinale/Content/Mannequin/Character/Mesh/SK_Mannequin_Female.uasset" 27
"../../../../../Users/Ale/OneDrive/Documenti/Unreal Projects/progTecFinale/Content/Mannequin/Character/Mesh/SK_Mannequin_PhysicsAsset.uasset" 28
"../../../../../Users/Ale/OneDrive/Documenti/Unreal Projects/progTecFinale/Content/Mannequin/Character/Textures/T_UE4Logo_N.uasset" 29
"../../../Engine/Content/EditorMeshes/ArcadeEditorSphere.uasset" 30
"../../../../../Users/Ale/OneDrive/Documenti/Unreal Projects/progTecFinale/Content/mieClassi/MieClassi/BP_Bullet.uasset" 31
"../../../Engine/Content/VREditor/UI/ArrowMaterial.uasset" 32
"../../../../../Users/Ale/OneDrive/Documenti/Unreal Projects/progTecFinale/Content/mieClassi/MieClassi/BP_MyBullet.uasset" 33
"../../../../../Users/Ale/OneDrive/Documenti/Unreal Projects/progTecFinale/Content/mieClassi/MieClassi/colonnaRotante.uasset" 34
"../../../Engine/Content/BasicShapes/Cube.uasset" 35
"../../../Engine/Content/EngineMaterials/DefaultDiffuse.uasset" 36
"../../../Engine/Content/Functions/Engine_MaterialFunctions01/Texturing/TextureCropping.uasset" 37
"../../../Engine/Content/Functions/Engine_MaterialFunctions02/ExampleContent/Textures/DebugNumberPeriod.uasset" 38
"../../../Engine/Content/Functions/Engine_MaterialFunctions02/ExampleContent/DebugNumberStrip.uasset" 39
"../../../Engine/Content/Functions/Engine_MaterialFunctions01/Texturing/ComputeMipLevel.uasset" 40
"../../../Engine/Content/Functions/Engine_MaterialFunctions02/Utility/DebugScalarValues.uasset" 41
"../../../Engine/Content/Functions/Engine_MaterialFunctions02/Utility/BreakOutFloat2Components.uasset" 42
"../../../Engine/Content/Functions/Engine_MaterialFunctions02/Utility/DebugFloat2Values.uasset" 43
"../../../Engine/Content/Functions/Engine_MaterialFunctions02/ExampleContent/Textures/flipbook.uasset" 44
"../../../Engine/Content/Functions/Engine_MaterialFunctions02/Texturing/FlipBook.uasset" 45
"../../../Engine/Content/EditorResources/T_EditorHelp.uasset" 46
"../../../Engine/Content/Functions/Engine_MaterialFunctions02/Utility/Sign.uasset" 47
"../../../Engine/Content/Functions/Engine_MaterialFunctions02/Utility/Round.uasset" 48
"../../../Engine/Content/EditorMaterials/HelpActorMaterial.uasset" 49
"../../../../../Users/Ale/OneDrive/Documenti/Unreal Projects/progTecFinale/Content/mieClassi/MieClassi/Cube_Blueprint.uasset" 50
"../../../Engine/Content/VREditor/TransformGizmo/Xray.uasset" 51
"../../../Engine/Content/VREditor/TransformGizmo/Main.uasset" 52
"../../../Engine/Content/VREditor/TransformGizmo/SM_Sequencer_Node.uasset" 53
"../../../Engine/Content/EngineDebugMaterials/HeatmapGradient.uasset" 54
"../../../Engine/Content/EngineDebugMaterials/BoneWeightMaterial.uasset" 55
"../../../Engine/Content/EditorMaterials/WidgetMaterial_Current.uasset" 56
"../../../../../Users/Ale/OneDrive/Documenti/Unreal Projects/progTecFinale/Content/mieClassi/MieClassi/Cube_Blueprint1.uasset" 57
"../../../../../Users/Ale/OneDrive/Documenti/Unreal Projects/progTecFinale/Content/mieClassi/MieClassi/EnemyFire.uasset" 58
"../../../../../Users/Ale/OneDrive/Documenti/Unreal Projects/progTecFinale/Content/mieClassi/MieClassi/FallingEnemy.uasset" 59
"../../../Engine/Content/EngineMeshes/Sphere.uasset" 60
"../../../Engine/Content/Functions/Engine_MaterialFunctions01/Opacity/CameraDepthFade.uasset" 61
"../../../Engine/Content/VREditor/LaserPointer/M_LaserPointer-Core.uasset" 62
"../../../../../Users/Ale/OneDrive/Documenti/Unreal Projects/progTecFinale/Content/mieClassi/MieClassi/fallingFriend.uasset" 63
"../../../Engine/Content/EngineMaterials/BlendFunc_DefBlend.uasset" 64
"../../../Engine/Content/EngineMaterials/BlendFunc_DefBase.uasset" 65
"../../../Engine/Content/Functions/Engine_MaterialFunctions03/Procedurals/ComputeFilterWidth.uasset" 66
"../../../Engine/Content/Functions/Engine_MaterialFunctions03/Blends/Blend_Screen.uasset" 67
"../../../Engine/Content/EditorMaterials/TilingAALineIntegral.uasset" 68
"../../../Engine/Content/EditorMaterials/TilingAALineBoxFiltered.uasset" 69
"../../../Engine/Content/EditorMaterials/TilingAAGrid.uasset" 70
"../../../Engine/Content/EditorMaterials/TilingAADots.uasset" 71
"../../../Engine/Content/EditorMaterials/CompositeARGBLayer.uasset" 72
"../../../Engine/Content/EditorMaterials/LevelGridMaterial.uasset" 73
"../../../../../Users/Ale/OneDrive/Documenti/Unreal Projects/progTecFinale/Content/mieClassi/MieClassi/Faro.uasset" 74
"../../../../../Users/Ale/OneDrive/Documenti/Unreal Projects/progTecFinale/Content/MobileStarterContent/Textures/T_Lamp_N.uasset" 75
"../../../../../Users/Ale/OneDrive/Documenti/Unreal Projects/progTecFinale/Content/MobileStarterContent/Textures/T_Lamp_M.uasset" 76
"../../../../../Users/Ale/OneDrive/Documenti/Unreal Projects/progTecFinale/Content/MobileStarterContent/Props/Materials/M_Lamp.uasset" 77
"../../../../../Users/Ale/OneDrive/Documenti/Unreal Projects/progTecFinale/Content/MobileStarterContent/Props/SM_Lamp_Wall.uasset" 78
"../../../../../Users/Ale/OneDrive/Documenti/Unreal Projects/progTecFinale/Content/mieClassi/MieClassi/Luce.uasset" 79
"../../../Engine/Content/EngineMeshes/SkeletalCube_Skeleton.uasset" 80
"../../../Engine/Content/EngineMeshes/SkeletalCube.uasset" 81
"../../../Engine/Content/MapTemplates/Materials/BasicAsset01.uasset" 82
"../../../../../Users/Ale/OneDrive/Documenti/Unreal Projects/progTecFinale/Content/mieClassi/MieClassi/MioPersonaggio.uasset" 83
"../../../Engine/Content/BasicShapes/BasicShapeMaterial.uasset" 84
"../../../../../Users/Ale/OneDrive/Documenti/Unreal Projects/progTecFinale/Content/mieClassi/MieClassi/MovingActorSpline_copia.uasset" 85
"../../../../../Users/Ale/OneDrive/Documenti/Unreal Projects/progTecFinale/Content/mieClassi/MieClassi/MovingSide2Side.uasset" 86
"../../../Engine/Content/EngineMaterials/T_Default_Material_Grid_N.uasset" 87
"../../../Engine/Content/EngineMaterials/T_Default_Material_Grid_M.uasset" 88
"../../../Engine/Content/EngineMaterials/WorldGridMaterial.uasset" 89
"../../../Engine/Content/BasicShapes/Plane.uasset" 90
"../../../../../Users/Ale/OneDrive/Documenti/Unreal Projects/progTecFinale/Content/MobileStarterContent/Textures/T_Water_N.uasset" 91
"../../../../../Users/Ale/OneDrive/Documenti/Unreal Projects/progTecFinale/Content/MobileStarterContent/Materials/M_Water_Lake.uasset" 92
"../../../../../Users/Ale/OneDrive/Documenti/Unreal Projects/progTecFinale/Content/mieClassi/MieClassi/Plane_Blueprint.uasset" 93
"../../../../../Users/Ale/OneDrive/Documenti/Unreal Projects/progTecFinale/Content/mieClassi/MieClassi/setPhysics.uasset" 94
"../../../../../Users/Ale/OneDrive/Documenti/Unreal Projects/progTecFinale/Content/Mannequin/Character/Mesh/SK_Mannequin_Skeleton.uasset" 95
"../../../../../Users/Ale/OneDrive/Documenti/Unreal Projects/progTecFinale/Content/Mannequin/Character/Mesh/SK_Mannequin.uasset" 96
"../../../Engine/Content/EditorBlueprintResources/StandardMacros.uasset" 97
"../../../../../Users/Ale/OneDrive/Documenti/Unreal Projects/progTecFinale/Content/Mannequin/Animations/ThirdPersonWalk.uasset" 98
"../../../../../Users/Ale/OneDrive/Documenti/Unreal Projects/progTecFinale/Content/Mannequin/Animations/ThirdPersonRun.uasset" 99
"../../../../../Users/Ale/OneDrive/Documenti/Unreal Projects/progTecFinale/Content/Mannequin/Animations/ThirdPersonIdle.uasset" 100
"../../../../../Users/Ale/OneDrive/Documenti/Unreal Projects/progTecFinale/Content/Mannequin/Animations/ThirdPerson_IdleRun_2D.uasset" 101
"../../../../../Users/Ale/OneDrive/Documenti/Unreal Projects/progTecFinale/Content/Mannequin/Animations/ThirdPersonJump_Start.uasset" 102
"../../../../../Users/Ale/OneDrive/Documenti/Unreal Projects/progTecFinale/Content/Mannequin/Animations/ThirdPersonJump_Loop.uasset" 103
"../../../../../Users/Ale/OneDrive/Documenti/Unreal Projects/progTecFinale/Content/Mannequin/Animations/ThirdPersonJump_End.uasset" 104
"../../../../../Users/Ale/OneDrive/Documenti/Unreal Projects/progTecFinale/Content/Mannequin/Animations/ThirdPerson_AnimBP.uasset" 105
"../../../../../Users/Ale/OneDrive/Documenti/Unreal Projects/progTecFinale/Content/mieClassi/MieClassi/SideScrollerCharacter.uasset" 106
"../../../../../Users/Ale/OneDrive/Documenti/Unreal Projects/progTecFinale/Content/mieClassi/MieClassi/TriggerBox_Blueprint.uasset" 107
"../../../../../Users/Ale/OneDrive/Documenti/Unreal Projects/progTecFinale/Content/MobileStarterContent/Materials/M_Basic_Wall.uasset" 108
"../../../../../Users/Ale/OneDrive/Documenti/Unreal Projects/progTecFinale/Content/MobileStarterContent/Architecture/Pillar_50x500.uasset" 109
"../../../../../Users/Ale/OneDrive/Documenti/Unreal Projects/progTecFinale/Content/MobileStarterContent/Architecture/Wall_400x300.uasset" 110
"../../../../../Users/Ale/OneDrive/Documenti/Unreal Projects/progTecFinale/Content/MobileStarterContent/Architecture/Wall_400x400.uasset" 111
"../../../../../Users/Ale/OneDrive/Documenti/Unreal Projects/progTecFinale/Content/MobileStarterContent/Architecture/Wall_500x500.uasset" 112
"../../../../../Users/Ale/OneDrive/Documenti/Unreal Projects/progTecFinale/Content/MobileStarterContent/Architecture/Wall_Door_400x400.uasset" 113
"../../../../../Users/Ale/OneDrive/Documenti/Unreal Projects/progTecFinale/Content/MobileStarterContent/Architecture/Wall_Window_400x400.uasset" 114
"../../../../../Users/Ale/OneDrive/Documenti/Unreal Projects/progTecFinale/Content/MobileStarterContent/Audio/Light01.uasset" 115
"../../../../../Users/Ale/OneDrive/Documenti/Unreal Projects/progTecFinale/Content/MobileStarterContent/Audio/Light01_Cue.uasset" 116
"../../../../../Users/Ale/OneDrive/Documenti/Unreal Projects/progTecFinale/Content/MobileStarterContent/Audio/Light02.uasset" 117
"../../../../../Users/Ale/OneDrive/Documenti/Unreal Projects/progTecFinale/Content/MobileStarterContent/Audio/Light02_Cue.uasset" 118
"../../../../../Users/Ale/OneDrive/Documenti/Unreal Projects/progTecFinale/Content/MobileStarterContent/Audio/Steam01.uasset" 119
"../../../../../Users/Ale/OneDrive/Documenti/Unreal Projects/progTecFinale/Content/MobileStarterContent/Audio/Steam01_Cue.uasset" 120
"../../../../../Users/Ale/OneDrive/Documenti/Unreal Projects/progTecFinale/Content/MobileStarterContent/Textures/T_Smoke_Tiled_D.uasset" 121
"../../../../../Users/Ale/OneDrive/Documenti/Unreal Projects/progTecFinale/Content/MobileStarterContent/Textures/T_Smoke_SubUV.uasset" 122
"../../../../../Users/Ale/OneDrive/Documenti/Unreal Projects/progTecFinale/Content/MobileStarterContent/Particles/Materials/M_smoke_subUV.uasset" 123
"../../../Engine/Content/Functions/Engine_MaterialFunctions01/Gradient/RadialGradient.uasset" 124
"../../../../../Users/Ale/OneDrive/Documenti/Unreal Projects/progTecFinale/Content/MobileStarterContent/Particles/Materials/M_radial_ramp.uasset" 125
"../../../../../Users/Ale/OneDrive/Documenti/Unreal Projects/progTecFinale/Content/MobileStarterContent/Particles/Materials/m_flare_01.uasset" 126
"../../../../../Users/Ale/OneDrive/Documenti/Unreal Projects/progTecFinale/Content/MobileStarterContent/Textures/T_Explosion_SubUV.uasset" 127
"../../../../../Users/Ale/OneDrive/Documenti/Unreal Projects/progTecFinale/Content/MobileStarterContent/Particles/Materials/M_explosion_subUV.uasset" 128
"../../../../../Users/Ale/OneDrive/Documenti/Unreal Projects/progTecFinale/Content/MobileStarterContent/Textures/T_Burst_M.uasset" 129
"../../../../../Users/Ale/OneDrive/Documenti/Unreal Projects/progTecFinale/Content/MobileStarterContent/Particles/Materials/M_Burst.uasset" 130
"../../../../../Users/Ale/OneDrive/Documenti/Unreal Projects/progTecFinale/Content/MobileStarterContent/Particles/P_Explosion.uasset" 131
"../../../../../Users/Ale/OneDrive/Documenti/Unreal Projects/progTecFinale/Content/MobileStarterContent/Audio/Explosion02.uasset" 132
"../../../../../Users/Ale/OneDrive/Documenti/Unreal Projects/progTecFinale/Content/MobileStarterContent/Audio/Explosion01.uasset" 133
"../../../../../Users/Ale/OneDrive/Documenti/Unreal Projects/progTecFinale/Content/MobileStarterContent/Audio/Explosion_Cue.uasset" 134
"../../../../../Users/Ale/OneDrive/Documenti/Unreal Projects/progTecFinale/Content/MobileStarterContent/Blueprints/Blueprint_Effect_Explosion.uasset" 135
"../../../Engine/Content/VREditor/BasicMeshes/T_CleanFloorGrunge_01_D.uasset" 136
"../../../Engine/Content/VREditor/BasicMeshes/M_Floor_01.uasset" 137
"../../../Engine/Content/VREditor/BasicMeshes/MI_Ball_01.uasset" 138
"../../../Engine/Content/VREditor/BasicMeshes/SM_Ball_01.uasset" 139
"../../../Engine/Content/EngineDebugMaterials/TangentColorMap.uasset" 140
"../../../Engine/Content/EngineDebugMaterials/TangentColorMaterial.uasset" 141
"../../../../../Users/Ale/OneDrive/Documenti/Unreal Projects/progTecFinale/Content/mieClassi/MieClassi/FallingEnemy_1.uasset" 142
"../../../../../Users/Ale/OneDrive/Documenti/Unreal Projects/progTecFinale/Content/MobileStarterContent/Particles/Materials/M_Radial_Gradient.uasset" 143
"../../../../../Users/Ale/OneDrive/Documenti/Unreal Projects/progTecFinale/Content/MobileStarterContent/Textures/T_Fire_Tiled_D.uasset" 144
"../../../../../Users/Ale/OneDrive/Documenti/Unreal Projects/progTecFinale/Content/MobileStarterContent/Textures/T_Fire_SubUV.uasset" 145
"../../../../../Users/Ale/OneDrive/Documenti/Unreal Projects/progTecFinale/Content/MobileStarterContent/Particles/Materials/M_Fire_SubUV.uasset" 146
"../../../../../Users/Ale/OneDrive/Documenti/Unreal Projects/progTecFinale/Content/MobileStarterContent/Particles/P_Fire.uasset" 147
"../../../../../Users/Ale/OneDrive/Documenti/Unreal Projects/progTecFinale/Content/MobileStarterContent/Audio/Fire01.uasset" 148
"../../../../../Users/Ale/OneDrive/Documenti/Unreal Projects/progTecFinale/Content/MobileStarterContent/Audio/Fire01_Cue.uasset" 149
"../../../../../Users/Ale/OneDrive/Documenti/Unreal Projects/progTecFinale/Content/MobileStarterContent/Blueprints/Blueprint_Effect_Fire.uasset" 150
"../../../../../Users/Ale/OneDrive/Documenti/Unreal Projects/progTecFinale/Content/ThirdPersonCPP/Blueprints/ThirdPersonCharacter.uasset" 151
"../../../../../Users/Ale/OneDrive/Documenti/Unreal Projects/progTecFinale/Content/MobileStarterContent/Blueprints/Blueprint_Effect_Fire_bk.uasset" 152
"../../../../../Users/Ale/OneDrive/Documenti/Unreal Projects/progTecFinale/Content/MobileStarterContent/Textures/T_Bush_N.uasset" 153
"../../../../../Users/Ale/OneDrive/Documenti/Unreal Projects/progTecFinale/Content/MobileStarterContent/Textures/T_Bush_D.uasset" 154
"../../../../../Users/Ale/OneDrive/Documenti/Unreal Projects/progTecFinale/Content/MobileStarterContent/Props/Materials/M_Bush.uasset" 155
"../../../../../Users/Ale/OneDrive/Documenti/Unreal Projects/progTecFinale/Content/MobileStarterContent/Props/SM_Bush.uasset" 156
"../../../../../Users/Ale/OneDrive/Documenti/Unreal Projects/progTecFinale/Content/MobileStarterContent/Textures/T_Chair_N.uasset" 157
"../../../../../Users/Ale/OneDrive/Documenti/Unreal Projects/progTecFinale/Content/MobileStarterContent/Textures/T_Chair_M.uasset" 158
"../../../../../Users/Ale/OneDrive/Documenti/Unreal Projects/progTecFinale/Content/MobileStarterContent/Props/Materials/M_Chair.uasset" 159
"../../../../../Users/Ale/OneDrive/Documenti/Unreal Projects/progTecFinale/Content/MobileStarterContent/Props/SM_Couch.uasset" 160
"../../../../../Users/Ale/OneDrive/Documenti/Unreal Projects/progTecFinale/Content/MobileStarterContent/Materials/M_Glass.uasset" 161
"../../../../../Users/Ale/OneDrive/Documenti/Unreal Projects/progTecFinale/Content/MobileStarterContent/Textures/T_Door_N.uasset" 162
"../../../../../Users/Ale/OneDrive/Documenti/Unreal Projects/progTecFinale/Content/MobileStarterContent/Textures/T_Door_M.uasset" 163
"../../../../../Users/Ale/OneDrive/Documenti/Unreal Projects/progTecFinale/Content/MobileStarterContent/Props/Materials/M_Door.uasset" 164
"../../../../../Users/Ale/OneDrive/Documenti/Unreal Projects/progTecFinale/Content/MobileStarterContent/Props/SM_Door.uasset" 165
"../../../../../Users/Ale/OneDrive/Documenti/Unreal Projects/progTecFinale/Content/MobileStarterContent/Props/Materials/M_MaterialSphere_Plain.uasset" 166
"../../../../../Users/Ale/OneDrive/Documenti/Unreal Projects/progTecFinale/Content/MobileStarterContent/Props/Materials/M_MaterialSphere.uasset" 167
"../../../../../Users/Ale/OneDrive/Documenti/Unreal Projects/progTecFinale/Content/MobileStarterContent/Props/SM_MatPreviewMesh_02.uasset" 168
"../../../../../Users/Ale/OneDrive/Documenti/Unreal Projects/progTecFinale/Content/MobileStarterContent/Textures/T_Rock_Basalt_D.uasset" 169
"../../../../../Users/Ale/OneDrive/Documenti/Unreal Projects/progTecFinale/Content/MobileStarterContent/Textures/T_RockMesh_N.uasset" 170
"../../../../../Users/Ale/OneDrive/Documenti/Unreal Projects/progTecFinale/Content/MobileStarterContent/Textures/T_RockMesh_M.uasset" 171
"../../../../../Users/Ale/OneDrive/Documenti/Unreal Projects/progTecFinale/Content/MobileStarterContent/Props/Materials/M_Rock.uasset" 172
"../../../../../Users/Ale/OneDrive/Documenti/Unreal Projects/progTecFinale/Content/MobileStarterContent/Props/SM_Rock.uasset" 173
"../../../../../Users/Ale/OneDrive/Documenti/Unreal Projects/progTecFinale/Content/MobileStarterContent/Textures/T_Shelf_N.uasset" 174
"../../../../../Users/Ale/OneDrive/Documenti/Unreal Projects/progTecFinale/Content/MobileStarterContent/Textures/T_Shelf_M.uasset" 175
"../../../../../Users/Ale/OneDrive/Documenti/Unreal Projects/progTecFinale/Content/MobileStarterContent/Props/Materials/M_Shelf.uasset" 176
"../../../../../Users/Ale/OneDrive/Documenti/Unreal Projects/progTecFinale/Content/MobileStarterContent/Props/SM_Shelf.uasset" 177
"../../../../../Users/Ale/OneDrive/Documenti/Unreal Projects/progTecFinale/Content/MobileStarterContent/Props/SM_Stairs.uasset" 178
"../../../../../Users/Ale/OneDrive/Documenti/Unreal Projects/progTecFinale/Content/MobileStarterContent/Shapes/Shape_Cone.uasset" 179
"../../../../../Users/Ale/OneDrive/Documenti/Unreal Projects/progTecFinale/Content/MobileStarterContent/Shapes/Shape_NarrowCapsule.uasset" 180
"../../../../../Users/Ale/OneDrive/Documenti/Unreal Projects/progTecFinale/Content/MobileStarterContent/Shapes/Shape_Pipe.uasset" 181
"../../../../../Users/Ale/OneDrive/Documenti/Unreal Projects/progTecFinale/Content/MobileStarterContent/Shapes/Shape_Pipe_180.uasset" 182
"../../../../../Users/Ale/OneDrive/Documenti/Unreal Projects/progTecFinale/Content/MobileStarterContent/Shapes/Shape_Pipe_90.uasset" 183
"../../../../../Users/Ale/OneDrive/Documenti/Unreal Projects/progTecFinale/Content/MobileStarterContent/Shapes/Shape_Plane.uasset" 184
"../../../../../Users/Ale/OneDrive/Documenti/Unreal Projects/progTecFinale/Content/MobileStarterContent/Shapes/Shape_Torus.uasset" 185
"../../../../../Users/Ale/OneDrive/Documenti/Unreal Projects/progTecFinale/Content/MobileStarterContent/Shapes/Shape_Trim.uasset" 186
"../../../../../Users/Ale/OneDrive/Documenti/Unreal Projects/progTecFinale/Content/MobileStarterContent/Shapes/Shape_Trim_90_In.uasset" 187
"../../../../../Users/Ale/OneDrive/Documenti/Unreal Projects/progTecFinale/Content/MobileStarterContent/Shapes/Shape_Trim_90_Out.uasset" 188
"../../../../../Users/Ale/OneDrive/Documenti/Unreal Projects/progTecFinale/Content/MobileStarterContent/Shapes/Shape_TriPyramid.uasset" 189
"../../../../../Users/Ale/OneDrive/Documenti/Unreal Projects/progTecFinale/Content/MobileStarterContent/Shapes/Shape_Tube.uasset" 190
"../../../../../Users/Ale/OneDrive/Documenti/Unreal Projects/progTecFinale/Content/MobileStarterContent/Shapes/Shape_Wedge_A.uasset" 191
"../../../../../Users/Ale/OneDrive/Documenti/Unreal Projects/progTecFinale/Content/MobileStarterContent/Shapes/Shape_Wedge_B.uasset" 192
"../../../../../Users/Ale/OneDrive/Documenti/Unreal Projects/progTecFinale/Content/MobileStarterContent/Shapes/Shape_WideCapsule.uasset" 193
"../../../../../Users/Ale/OneDrive/Documenti/Unreal Projects/progTecFinale/Content/MobileStarterContent/Textures/T_CobbleStone_Pebble_M.uasset" 194
"../../../../../Users/Ale/OneDrive/Documenti/Unreal Projects/progTecFinale/Content/MobileStarterContent/Textures/T_Concrete_Tiles_Variation_M.uasset" 195
"../../../../../Users/Ale/OneDrive/Documenti/Unreal Projects/progTecFinale/Content/MobileStarterContent/Textures/T_Detail_Rocky_N.uasset" 196
"../../../../../Users/Ale/OneDrive/Documenti/Unreal Projects/progTecFinale/Content/MobileStarterContent/Textures/T_Gradinet_01.uasset" 197
"../../../../../Users/Ale/OneDrive/Documenti/Unreal Projects/progTecFinale/Content/MobileStarterContent/Textures/T_Perlin_Noise_M.uasset" 198
"../../../../../Users/Ale/OneDrive/Documenti/Unreal Projects/progTecFinale/Content/MobileStarterContent/Textures/T_Rock_Smooth_Granite_D.uasset" 199
"../../../../../Users/Ale/OneDrive/Documenti/Unreal Projects/progTecFinale/Content/RollingBP/RollingOverview.uasset" 200
"../../../../../Users/Ale/OneDrive/Documenti/Unreal Projects/progTecFinale/Content/SideScrollerBP/SideScrollerOverview.uasset" 201
"../../../../../Users/Ale/OneDrive/Documenti/Unreal Projects/progTecFinale/Content/SideScrollerBP/Blueprints/SideScrollerCharacter.uasset" 202
"../../../../../Users/Ale/OneDrive/Documenti/Unreal Projects/progTecFinale/Content/SideScrollerBP/Blueprints/SideScrollerGameMode.uasset" 203
"../../../../../Users/Ale/OneDrive/Documenti/Unreal Projects/progTecFinale/Content/SideScrollerBP/Meshes/CubeMaterial.uasset" 204
"../../../../../Users/Ale/OneDrive/Documenti/Unreal Projects/progTecFinale/Content/SideScrollerBP/Meshes/Ramp_Mesh.uasset" 205
"../../../../../Users/Ale/OneDrive/Documenti/Unreal Projects/progTecFinale/Content/ThirdPersonCPP/Blueprints/ThirdPersonCharacter-BK.uasset" 206
"../../../../../Users/Ale/OneDrive/Documenti/Unreal Projects/progTecFinale/Content/ThirdPersonCPP/Blueprints/TriggerBoxParte2_Blueprint.uasset" 207
"../../../Engine/Content/Animation/DefaultAnimBoneCompressionSettings.uasset" 208
"../../../Engine/Content/Animation/DefaultAnimCurveCompressionSettings.uasset" 209
"../../../Engine/Content/ArtTools/RenderToTexture/Meshes/S_1_Unit_Plane.uasset" 210
"../../../Engine/Content/EngineMaterials/DefaultMaterial.uasset" 211
"../../../Engine/Content/BasicShapes/Cone.uasset" 212
"../../../Engine/Content/BasicShapes/Sphere.uasset" 213
"../../../Engine/Content/EditorLandscapeResources/DataLayer.uasset" 214
"../../../Engine/Content/EditorLandscapeResources/DefaultAlphaTexture.uasset" 215
"../../../Engine/Content/EditorMaterials/MAT_Groups_Toggle.uasset" 216
"../../../Engine/Content/EditorMaterials/MAT_Groups_Visibility.uasset" 217
"../../../Engine/Content/EditorMaterials/PreviewShadowIndicator.uasset" 218
"../../../Engine/Content/EditorMaterials/PreviewShadowIndicatorMaterial.uasset" 219
"../../../Engine/Content/EditorMaterials/MatineeGroups/MAT_ColorTrack.uasset" 220
"../../../Engine/Content/EditorMaterials/MatineeGroups/MAT_Groups_Anim.uasset" 221
"../../../Engine/Content/EditorMaterials/MatineeGroups/MAT_Groups_AudioMaster.uasset" 222
"../../../Engine/Content/EditorMaterials/MatineeGroups/MAT_Groups_Director.uasset" 223
"../../../Engine/Content/EditorMaterials/MatineeGroups/MAT_Groups_Event.uasset" 224
"../../../Engine/Content/EditorMaterials/MatineeGroups/MAT_Groups_Fade.uasset" 225
"../../../Engine/Content/EditorMaterials/MatineeGroups/MAT_Groups_Float.uasset" 226
"../../../Engine/Content/EditorMaterials/MatineeGroups/MAT_Groups_Move.uasset" 227
"../../../Engine/Content/EditorMaterials/MatineeGroups/MAT_Groups_Slomo.uasset" 228
"../../../Engine/Content/EditorMaterials/MatineeGroups/MAT_Groups_Sound.uasset" 229
"../../../Engine/Content/EditorMaterials/MatineeGroups/MAT_Groups_Vector.uasset" 230
"../../../Engine/Content/EditorMaterials/ParticleSystems/PSysThumbnail_NoImage.uasset" 231
"../../../Engine/Content/EditorMaterials/ParticleSystems/PSysThumbnail_OOD.uasset" 232
"../../../Engine/Content/EditorMaterials/Camera/CineMat.uasset" 233
"../../../Engine/Content/EditorMaterials/Camera/MI_CineMat_Rig.uasset" 234
"../../../Engine/Content/EditorMeshes/Camera/SM_CraneRig_Arm.uasset" 235
"../../../Engine/Content/EditorMeshes/Camera/SM_CraneRig_Base.uasset" 236
"../../../Engine/Content/EditorMeshes/Camera/SM_CraneRig_Body.uasset" 237
"../../../Engine/Content/EditorMeshes/Camera/SM_CraneRig_Mount.uasset" 238
"../../../Engine/Content/EditorMeshes/Camera/SM_RailRig_Mount.uasset" 239
"../../../Engine/Content/EditorMeshes/Camera/SM_RailRig_Track.uasset" 240
"../../../Engine/Content/EditorResources/BSPVertex.uasset" 241
"../../../Engine/Content/EditorResources/EmptyActor.uasset" 242
"../../../Engine/Content/EditorResources/S_Actor.uasset" 243
"../../../Engine/Content/EditorResources/S_Note.uasset" 244
"../../../Engine/Content/EditorResources/S_Solver.uasset" 245
"../../../Engine/Content/EditorResources/S_Terrain.uasset" 246
"../../../Engine/Content/EditorResources/S_Trigger.uasset" 247
"../../../Engine/Content/EditorResources/AudioIcons/S_AudioComponent.uasset" 248
"../../../Engine/Content/EditorResources/AudioIcons/S_AudioComponent_AutoActivate.uasset" 249
"../../../Engine/Content/EditorResources/LightIcons/S_LightError.uasset" 250
"../../../Engine/Content/EditorResources/SequenceRecorder/Countdown.uasset" 251
"../../../Engine/Content/EditorResources/SequenceRecorder/RecordingIndicator.uasset" 252
"../../../Engine/Content/EngineDamageTypes/DmgTypeBP_Environmental.uasset" 253
"../../../Engine/Content/EngineDebugMaterials/DebugEditorMaterial.uasset" 254
"../../../Engine/Content/EngineDebugMaterials/DebugMeshMaterial.uasset" 255
"../../../Engine/Content/EngineDebugMaterials/M_SimpleUnlitTranslucent.uasset" 256
"../../../Engine/Content/EngineDebugMaterials/VolumeToRender.uasset" 257
"../../../Engine/Content/Functions/Engine_MaterialFunctions02/Utility/CameraDirectionVector.uasset" 258
"../../../Engine/Content/EngineDebugMaterials/M_VolumeRenderSphereTracePP.uasset" 259
"../../../Engine/Content/Functions/Engine_MaterialFunctions01/Shading/ConvertFromDiffSpec.uasset" 260
"../../../Engine/Content/EngineDebugMaterials/VertexColorMaterial.uasset" 261
"../../../Engine/Content/EngineDebugMaterials/WireframeMaterial.uasset" 262
"../../../Engine/Content/EngineFonts/Faces/RobotoRegular.uasset" 263
"../../../Engine/Content/EngineFonts/Faces/RobotoLight.uasset" 264
"../../../Engine/Content/EngineFonts/Faces/RobotoItalic.uasset" 265
"../../../Engine/Content/EngineFonts/Faces/RobotoBoldItalic.uasset" 266
"../../../Engine/Content/EngineFonts/Faces/RobotoBold.uasset" 267
"../../../Engine/Content/EngineFonts/Faces/DroidSansFallback.uasset" 268
"../../../Engine/Content/EngineFonts/Roboto.uasset" 269
"../../../Engine/Content/EngineMaterials/BaseFlattenNormalMap.uasset" 270
"../../../Engine/Content/EngineMaterials/BaseFlattenGrayscaleMap.uasset" 271
"../../../Engine/Content/EngineMaterials/BaseFlattenEmissiveMap.uasset" 272
"../../../Engine/Content/EngineMaterials/BaseFlattenDiffuseMap.uasset" 273
"../../../Engine/Content/EngineMaterials/BaseFlattenMaterial.uasset" 274
"../../../Engine/Content/EngineMaterials/BlueNoise.uasset" 275
"../../../Engine/Content/EngineMaterials/DefaultBloomKernel.uasset" 276
"../../../Engine/Content/EngineMaterials/DefaultBokeh.uasset" 277
"../../../Engine/Content/EngineMaterials/DefaultDeferredDecalMaterial.uasset" 278
"../../../Engine/Content/EngineMaterials/DefaultLightFunctionMaterial.uasset" 279
"../../../Engine/Content/EngineMaterials/DefaultPhysicalMaterial.uasset" 280
"../../../Engine/Content/EngineMaterials/DefaultPostProcessMaterial.uasset" 281
"../../../Engine/Content/EngineFonts/RobotoDistanceField.uasset" 282
"../../../Engine/Content/EngineMaterials/DefaultTextMaterialOpaque.uasset" 283
"../../../Engine/Content/EngineMaterials/DefaultWhiteGrid.uasset" 284
"../../../Engine/Content/EngineMaterials/DefaultWhiteGrid_Low.uasset" 285
"../../../Engine/Content/EngineMaterials/EmissiveMeshMaterial.uasset" 286
"../../../Engine/Content/EngineMaterials/GizmoMaterial.uasset" 287
"../../../Engine/Content/EngineMaterials/Good64x64TilingNoiseHighFreq.uasset" 288
"../../../Engine/Content/EngineMaterials/MiniFont.uasset" 289
"../../../Engine/Content/EngineMaterials/InvalidLightmapSettings.uasset" 290
"../../../Engine/Content/EngineMaterials/M_InvalidLightmapSettings.uasset" 291
"../../../Engine/Content/Functions/Engine_MaterialFunctions02/WorldPositionOffset/CameraOffset.uasset" 292
"../../../Engine/Content/EngineMaterials/PhAT_JointLimitMaterial.uasset" 293
"../../../Engine/Content/EngineMaterials/PreintegratedSkinBRDF.uasset" 294
"../../../Engine/Content/EngineMaterials/RemoveSurfaceMaterial.uasset" 295
"../../../Engine/Content/EngineMaterials/WeightMapPlaceholderTexture.uasset" 296
"../../../Engine/Content/EngineResources/WhiteSquareTexture.uasset" 297
"../../../Engine/Content/EngineMaterials/Widget3DPassThrough.uasset" 298
"../../../Engine/Content/EngineMaterials/Widget3DPassThrough_Masked.uasset" 299
"../../../Engine/Content/EngineMaterials/Widget3DPassThrough_Opaque.uasset" 300
"../../../Engine/Content/EngineMaterials/Widget3DPassThrough_Masked_OneSided.uasset" 301
"../../../Engine/Content/EngineMaterials/Widget3DPassThrough_Opaque_OneSided.uasset" 302
"../../../Engine/Content/EngineMaterials/Widget3DPassThrough_Translucent.uasset" 303
"../../../Engine/Content/EngineMaterials/Widget3DPassThrough_Translucent_OneSided.uasset" 304
"../../../Engine/Content/EngineResources/Black.uasset" 305
"../../../Engine/Content/EngineResources/DefaultTextureCube.uasset" 306
"../../../Engine/Content/EngineResources/DefaultVolumeTexture2D.uasset" 307
"../../../Engine/Content/EngineResources/DefaultVolumeTexture.uasset" 308
"../../../Engine/Content/EngineResources/GradientTexture0.uasset" 309
"../../../Engine/Content/EngineSky/VolumetricClouds/T_NoiseShape64.uasset" 310
"../../../Engine/Content/EngineSky/VolumetricClouds/T_VolumeNoiseShape64.uasset" 311
"../../../Engine/Content/EngineSky/VolumetricClouds/T_NoiseErosion.uasset" 312
"../../../Engine/Content/EngineSky/VolumetricClouds/T_VolumeNoiseErosion32.uasset" 313
"../../../Engine/Content/EngineSky/VolumetricClouds/CloudWeatherTexture.uasset" 314
"../../../Engine/Content/EngineSky/VolumetricClouds/CloudGradientTexture.uasset" 315
"../../../Engine/Content/Functions/Engine_MaterialFunctions02/Utility/MakeFloat2.uasset" 316
"../../../Engine/Content/EngineSky/VolumetricClouds/m_SimpleVolumetricCloud.uasset" 317
"../../../Engine/Content/EngineSky/VolumetricClouds/m_SimpleVolumetricCloud_Inst.uasset" 318
"../../../Engine/Content/EngineSounds/Master.uasset" 319
"../../../Engine/Content/Functions/Engine_MaterialFunctions01/Shading/PowerToRoughness.uasset" 320
"../../../Engine/Content/Maps/Templates/Thumbnails/Default.uasset" 321
"../../../Engine/Content/Maps/Templates/Thumbnails/TimeOfDay.uasset" 322
"../../../Engine/Content/Maps/Templates/Thumbnails/VR-Basic.uasset" 323
"../../../Engine/Content/MobileResources/T_MobileControls_texture.uasset" 324
"../../../Engine/Content/MobileResources/T_MobileMenu2.uasset" 325
"../../../Engine/Content/MobileResources/HUD/AnalogHat.uasset" 326
"../../../Engine/Content/MobileResources/HUD/VirtualJoystick_Thumb.uasset" 327
"../../../Engine/Content/MobileResources/HUD/VirtualJoystick_Background.uasset" 328
"../../../Engine/Content/MobileResources/HUD/DefaultVirtualJoysticks.uasset" 329
"../../../Engine/Content/MobileResources/HUD/LeftVirtualJoystickOnly.uasset" 330
"../../../Engine/Content/MobileResources/HUD/MobileHUDButton1_off.uasset" 331
"../../../Engine/Content/MobileResources/HUD/MobileHUDButton1_on.uasset" 332
"../../../Engine/Content/MobileResources/HUD/MobileHUDButton2_off.uasset" 333
"../../../Engine/Content/MobileResources/HUD/MobileHUDButton2_on.uasset" 334
"../../../Engine/Content/MobileResources/HUD/MobileHUDButton3.uasset" 335
"../../../Engine/Content/MobileResources/HUD/MobileHUDButtonFire.uasset" 336
"../../../Engine/Content/MobileResources/HUD/MobileHUDDirectionPad.uasset" 337
"../../../Engine/Content/MobileResources/HUD/MobileHUDDirectionPad2.uasset" 338
"../../../Engine/Content/MobileResources/HUD/MobileHUDDirectionPad3.uasset" 339
"../../../Engine/Content/MobileResources/HUD/MobileHUDDirectionStick.uasset" 340
"../../../Engine/Content/MobileResources/HUD/T_Castle_ThumbstickInner.uasset" 341
"../../../Engine/Content/MobileResources/HUD/T_Castle_ThumbstickOutter.uasset" 342
"../../../Engine/Content/Tutorial/ContentIntroCurve.uasset" 343
"../../../Engine/Content/Tutorial/Basics/LevelEditorAttract.uasset" 344
"../../../Engine/Content/Tutorial/BlueprintTutorials/TutorialAssets/Blueprint_64x.uasset" 345
"../../../Engine/Content/Tutorial/BlueprintTutorials/BlueprintEditorTutorial.uasset" 346
"../../../Engine/Content/VREditor/TransformGizmo/TranslucentTransformGizmoMaterial.uasset" 347
"../../../Engine/Content/VREditor/LaserPointer/VR_LaserPower_01.uasset" 348
"../../../Engine/Content/VREditor/TransformGizmo/TransformGizmoMaterial.uasset" 349
"../../../Engine/Content/VREditor/TransformGizmo/BoundingBoxCorner.uasset" 350
"../../../Engine/Content/VREditor/TransformGizmo/BoundingBoxEdge.uasset" 351
"../../../Engine/Content/VREditor/TransformGizmo/PlaneTranslationHandle.uasset" 352
"../../../Engine/Content/VREditor/TransformGizmo/SM_Sequencer_Key.uasset" 353
"../../Plugins/2D/Paper2D/Content/PlaceholderTextures/DummySpriteTexture.uasset" 354
"../../Plugins/2D/Paper2D/Content/DummySprite.uasset" 355
"../../Plugins/2D/Paper2D/Content/DefaultPaperTerrainMaterial.uasset" 356
"../../Plugins/2D/Paper2D/Content/DefaultSpriteMaterial.uasset" 357
"../../Plugins/2D/Paper2D/Content/MaskedUnlitSpriteMaterial.uasset" 358
"../../Plugins/2D/Paper2D/Content/OpaqueUnlitSpriteMaterial.uasset" 359
"../../../Engine/Content/Functions/Engine_MaterialFunctions02/Utility/BreakOutFloat3Components.uasset" 360
"../../Plugins/Editor/SpeedTreeImporter/Content/SpeedTree9/UnpackInteger3.uasset" 361
"../../Plugins/Editor/SpeedTreeImporter/Content/SpeedTree9/UnpackDirection.uasset" 362
"../../Plugins/Editor/SpeedTreeImporter/Content/SpeedTree9/game_wind_noise.uasset" 363
"../../../Engine/Content/Functions/Engine_MaterialFunctions02/SafeNormalize.uasset" 364
"../../Plugins/Editor/SpeedTreeImporter/Content/SpeedTree9/SpeedTreeWindMotion.uasset" 365
"../../Plugins/Editor/SpeedTreeImporter/Content/SpeedTree9/SpeedTreeBranchMotion.uasset" 366
"../../../Engine/Content/Functions/Engine_MaterialFunctions02/ObjectLocalBounds.uasset" 367
"../../../Engine/Content/Functions/Engine_MaterialFunctions02/UVs/BoundingBoxBased_0-1_UVW.uasset" 368
"../../Plugins/Editor/SpeedTreeImporter/Content/SpeedTree9/SpeedTreeWind.uasset" 369
"../../Plugins/Editor/SpeedTreeImporter/Content/SpeedTree9/SpeedTreeBillboard.uasset" 370
"../../../Engine/Content/EngineResources/DefaultTexture.uasset" 371
"../../Plugins/Editor/SpeedTreeImporter/Content/SpeedTree9/SpeedTreeBillboardMaster.uasset" 372
"../../Plugins/Editor/SpeedTreeImporter/Content/SpeedTree9/SpeedTreeCameraFacing.uasset" 373
"../../Plugins/Editor/SpeedTreeImporter/Content/SpeedTree9/SpeedTreeMaster.uasset" 374
"../../../Engine/Content/ArtTools/RenderToTexture/Materials/Debug/M_Emissive_Color.uasset" 375
"../../../Engine/Content/BasicShapes/Cylinder.uasset" 376
"../../Plugins/Lumin/MagicLeapPassableWorld/Content/MagicLeapARPinInfoActor.uasset" 377
"../../../Engine/Content/Functions/Engine_MaterialFunctions02/Utility/BreakOutFloat4Components.uasset" 378
"../../../Engine/Content/Functions/Engine_MaterialFunctions02/Utility/MakeFloat3.uasset" 379
"../../Plugins/Runtime/Oculus/OculusVR/Content/Materials/OculusMR_ChromaKey.uasset" 380
"../../Plugins/Runtime/Oculus/OculusVR/Content/Materials/OculusMR_OpaqueColoredMaterial.uasset" 381
"../../Plugins/Runtime/Oculus/OculusVR/Content/Materials/PokeAHoleMaterial.uasset" 382
"../../../../../Users/Ale/OneDrive/Documenti/Unreal Projects/progTecFinale/Content/mieiWidget/Menu.uasset" 383
"../../../../../Users/Ale/OneDrive/Documenti/Unreal Projects/progTecFinale/Content/Maps/MainMenuLevel.umap" 384
"../../../../../Users/Ale/OneDrive/Documenti/Unreal Projects/progTecFinale/Content/mieiWidget/HealthBar.uasset" 385
"../../../../../Users/Ale/OneDrive/Documenti/Unreal Projects/progTecFinale/Content/mieClassi/MyprogTecFinaleGameMode_BP.uasset" 386
"../../../Engine/Content/EngineMeshes/Cylinder.uasset" 387
"../../../../../Users/Ale/OneDrive/Documenti/Unreal Projects/progTecFinale/Content/mieClassi/MieClassi/pugnoAcqua.uasset" 388
"../../../Engine/Content/MapTemplates/Materials/BasicAsset03.uasset" 389
"../../../../../Users/Ale/OneDrive/Documenti/Unreal Projects/progTecFinale/Content/mieClassi/MieClassi/MovingPlatfromSide2Side.uasset" 390
"../../../../../Users/Ale/OneDrive/Documenti/Unreal Projects/progTecFinale/Content/mieClassi/MieClassi/MovingActorSpline.uasset" 391
"../../../../../Users/Ale/OneDrive/Documenti/Unreal Projects/progTecFinale/Content/MobileStarterContent/Textures/T_Rock_Sandstone_N.uasset" 392
"../../../../../Users/Ale/OneDrive/Documenti/Unreal Projects/progTecFinale/Content/MobileStarterContent/Textures/T_Rock_Sandstone_D.uasset" 393
"../../../../../Users/Ale/OneDrive/Documenti/Unreal Projects/progTecFinale/Content/MobileStarterContent/Materials/M_Rock_Sandstone.uasset" 394
"../../../Engine/Content/EngineMaterials/Grid.uasset" 395
"../../../Engine/Content/EditorMaterials/Thumbnails/FloorPlaneMaterial.uasset" 396
"../../../../../Users/Ale/OneDrive/Documenti/Unreal Projects/progTecFinale/Content/mieClassi/MieClassi/Mesh_Colonna.uasset" 397
"../../../../../Users/Ale/OneDrive/Documenti/Unreal Projects/progTecFinale/Content/mieClassi/MieClassi/Mesh_Colonna9_Blueprint.uasset" 398
"../../../../../Users/Ale/OneDrive/Documenti/Unreal Projects/progTecFinale/Content/MobileStarterContent/Shapes/Shape_Cylinder.uasset" 399
"../../../Engine/Content/EditorMeshes/EditorCylinder.uasset" 400
"../../../../../Users/Ale/OneDrive/Documenti/Unreal Projects/progTecFinale/Content/mieClassi/MieClassi/FaroRotante.uasset" 401
"../../../../../Users/Ale/OneDrive/Documenti/Unreal Projects/progTecFinale/Content/mieiWidget/Notifiche.uasset" 402
"../../../Engine/Content/VREditor/UI/KeyDiskMaterial.uasset" 403
"../../../Engine/Content/VREditor/UI/DiscMaterial.uasset" 404
"../../../Engine/Content/VREditor/UI/SM_Radial_Disk.uasset" 405
"../../../../../Users/Ale/OneDrive/Documenti/Unreal Projects/progTecFinale/Content/mieClassi/MieClassi/RespawnBox.uasset" 406
"../../../../../Users/Ale/OneDrive/Documenti/Unreal Projects/progTecFinale/Content/Maps/MyLevel.umap" 407
"../../../../../Users/Ale/OneDrive/Documenti/Unreal Projects/progTecFinale/Content/MobileStarterContent/Materials/M_Basic_Floor.uasset" 408
"../../../../../Users/Ale/OneDrive/Documenti/Unreal Projects/progTecFinale/Content/MobileStarterContent/Architecture/Floor_400x400.uasset" 409
"../../../../../Users/Ale/OneDrive/Documenti/Unreal Projects/progTecFinale/Content/MobileStarterContent/Textures/T_TableRound_N.uasset" 410
"../../../../../Users/Ale/OneDrive/Documenti/Unreal Projects/progTecFinale/Content/MobileStarterContent/Textures/T_TableRound_M.uasset" 411
"../../../../../Users/Ale/OneDrive/Documenti/Unreal Projects/progTecFinale/Content/MobileStarterContent/Props/Materials/M_TableRound.uasset" 412
"../../../../../Users/Ale/OneDrive/Documenti/Unreal Projects/progTecFinale/Content/MobileStarterContent/Props/SM_TableRound.uasset" 413
"../../../../../Users/Ale/OneDrive/Documenti/Unreal Projects/progTecFinale/Content/MobileStarterContent/Textures/T_Statue_N.uasset" 414
"../../../../../Users/Ale/OneDrive/Documenti/Unreal Projects/progTecFinale/Content/MobileStarterContent/Textures/T_Statue_M.uasset" 415
"../../../../../Users/Ale/OneDrive/Documenti/Unreal Projects/progTecFinale/Content/MobileStarterContent/Props/Materials/M_StatueGlass.uasset" 416
"../../../../../Users/Ale/OneDrive/Documenti/Unreal Projects/progTecFinale/Content/MobileStarterContent/Props/Materials/M_Statue.uasset" 417
"../../../../../Users/Ale/OneDrive/Documenti/Unreal Projects/progTecFinale/Content/MobileStarterContent/Props/SM_Statue.uasset" 418
"../../../../../Users/Ale/OneDrive/Documenti/Unreal Projects/progTecFinale/Content/MobileStarterContent/Props/SM_Chair.uasset" 419
"../../../Engine/Content/EngineSky/T_Sky_Stars.uasset" 420
"../../../Engine/Content/EngineSky/T_Sky_Clouds_M.uasset" 421
"../../../Engine/Content/EngineSky/T_Sky_Blue.uasset" 422
"../../../Engine/Content/EngineSky/M_Sky_Panning_Clouds2.uasset" 423
"../../../../../Users/Ale/OneDrive/Documenti/Unreal Projects/progTecFinale/Content/MobileStarterContent/Maps/Minimal_Default_BuiltData.uasset" 424
"../../../Engine/Content/EngineSky/SM_SkySphere.uasset" 425
"../../../Engine/Content/EngineSky/C_Sky_Zenith_Color.uasset" 426
"../../../Engine/Content/EngineSky/C_Sky_Horizon_Color.uasset" 427
"../../../Engine/Content/EngineSky/C_Sky_Cloud_Color.uasset" 428
"../../../Engine/Content/EngineSky/BP_Sky_Sphere.uasset" 429
"../../../../../Users/Ale/OneDrive/Documenti/Unreal Projects/progTecFinale/Content/MobileStarterContent/Maps/Minimal_Default.umap" 430
"../../../../../Users/Ale/OneDrive/Documenti/Unreal Projects/progTecFinale/Content/MobileStarterContent/Shapes/Shape_Sphere.uasset" 431
"../../../../../Users/Ale/OneDrive/Documenti/Unreal Projects/progTecFinale/Content/MobileStarterContent/Shapes/Shape_QuadPyramid.uasset" 432
"../../../../../Users/Ale/OneDrive/Documenti/Unreal Projects/progTecFinale/Content/MobileStarterContent/Shapes/Shape_Cube.uasset" 433
"../../../../../Users/Ale/OneDrive/Documenti/Unreal Projects/progTecFinale/Content/MobileStarterContent/Textures/T_Frame_N.uasset" 434
"../../../../../Users/Ale/OneDrive/Documenti/Unreal Projects/progTecFinale/Content/MobileStarterContent/Textures/T_Frame_M.uasset" 435
"../../../../../Users/Ale/OneDrive/Documenti/Unreal Projects/progTecFinale/Content/MobileStarterContent/Props/Materials/M_Frame.uasset" 436
"../../../../../Users/Ale/OneDrive/Documenti/Unreal Projects/progTecFinale/Content/MobileStarterContent/Props/SM_WindowFrame.uasset" 437
"../../../../../Users/Ale/OneDrive/Documenti/Unreal Projects/progTecFinale/Content/MobileStarterContent/Props/SM_PillarFrame300.uasset" 438
"../../../../../Users/Ale/OneDrive/Documenti/Unreal Projects/progTecFinale/Content/MobileStarterContent/Props/SM_PillarFrame.uasset" 439
"../../../../../Users/Ale/OneDrive/Documenti/Unreal Projects/progTecFinale/Content/MobileStarterContent/Props/SM_GlassWindow.uasset" 440
"../../../../../Users/Ale/OneDrive/Documenti/Unreal Projects/progTecFinale/Content/MobileStarterContent/Props/SM_DoorFrame.uasset" 441
"../../../../../Users/Ale/OneDrive/Documenti/Unreal Projects/progTecFinale/Content/MobileStarterContent/Props/SM_CornerFrame.uasset" 442
"../../../../../Users/Ale/OneDrive/Documenti/Unreal Projects/progTecFinale/Content/MobileStarterContent/Props/MaterialSphere.uasset" 443
"../../../../../Users/Ale/OneDrive/Documenti/Unreal Projects/progTecFinale/Content/MobileStarterContent/Textures/T_Dust_Particle_D.uasset" 444
"../../../../../Users/Ale/OneDrive/Documenti/Unreal Projects/progTecFinale/Content/MobileStarterContent/Particles/Materials/M_Dust_Particle.uasset" 445
"../../../../../Users/Ale/OneDrive/Documenti/Unreal Projects/progTecFinale/Content/MobileStarterContent/Particles/P_Ambient_Dust.uasset" 446
"../../../../../Users/Ale/OneDrive/Documenti/Unreal Projects/progTecFinale/Content/MobileStarterContent/Textures/T_Wood_Walnut_N.uasset" 447
"../../../../../Users/Ale/OneDrive/Documenti/Unreal Projects/progTecFinale/Content/MobileStarterContent/Textures/T_Wood_Walnut_D.uasset" 448
"../../../../../Users/Ale/OneDrive/Documenti/Unreal Projects/progTecFinale/Content/MobileStarterContent/Materials/M_Wood_Walnut.uasset" 449
"../../../../../Users/Ale/OneDrive/Documenti/Unreal Projects/progTecFinale/Content/MobileStarterContent/Textures/T_Wood_Pine_N.uasset" 450
"../../../../../Users/Ale/OneDrive/Documenti/Unreal Projects/progTecFinale/Content/MobileStarterContent/Textures/T_Wood_Pine_D.uasset" 451
"../../../../../Users/Ale/OneDrive/Documenti/Unreal Projects/progTecFinale/Content/MobileStarterContent/Materials/M_Wood_Pine.uasset" 452
"../../../../../Users/Ale/OneDrive/Documenti/Unreal Projects/progTecFinale/Content/MobileStarterContent/Textures/T_Wood_Oak_D.uasset" 453
"../../../../../Users/Ale/OneDrive/Documenti/Unreal Projects/progTecFinale/Content/MobileStarterContent/Textures/T_Wood_Oak_N.uasset" 454
"../../../../../Users/Ale/OneDrive/Documenti/Unreal Projects/progTecFinale/Content/MobileStarterContent/Materials/M_Wood_Oak.uasset" 455
"../../../../../Users/Ale/OneDrive/Documenti/Unreal Projects/progTecFinale/Content/MobileStarterContent/Architecture/Wall_Door_400x300.uasset" 456
"../../../../../Users/Ale/OneDrive/Documenti/Unreal Projects/progTecFinale/Content/MobileStarterContent/Architecture/Wall_400x200.uasset" 457
"../../../../../Users/Ale/OneDrive/Documenti/Unreal Projects/progTecFinale/Content/MobileStarterContent/Textures/T_Wood_Floor_Walnut_N.uasset" 458
"../../../../../Users/Ale/OneDrive/Documenti/Unreal Projects/progTecFinale/Content/MobileStarterContent/Textures/T_Wood_Floor_Walnut_M.uasset" 459
"../../../../../Users/Ale/OneDrive/Documenti/Unreal Projects/progTecFinale/Content/MobileStarterContent/Textures/T_Wood_Floor_Walnut_D.uasset" 460
"../../../../../Users/Ale/OneDrive/Documenti/Unreal Projects/progTecFinale/Content/MobileStarterContent/Materials/M_Wood_Floor_Walnut_Worn.uasset" 461
"../../../../../Users/Ale/OneDrive/Documenti/Unreal Projects/progTecFinale/Content/MobileStarterContent/Materials/M_Wood_Floor_Walnut_Polished.uasset" 462
"../../../../../Users/Ale/OneDrive/Documenti/Unreal Projects/progTecFinale/Content/MobileStarterContent/Textures/T_Water_M.uasset" 463
"../../../../../Users/Ale/OneDrive/Documenti/Unreal Projects/progTecFinale/Content/MobileStarterContent/Materials/M_Water_Ocean.uasset" 464
"../../../../../Users/Ale/OneDrive/Documenti/Unreal Projects/progTecFinale/Content/MobileStarterContent/Textures/T_Tech_Panel_N.uasset" 465
"../../../../../Users/Ale/OneDrive/Documenti/Unreal Projects/progTecFinale/Content/MobileStarterContent/Textures/T_Tech_Panel_M.uasset" 466
"../../../../../Users/Ale/OneDrive/Documenti/Unreal Projects/progTecFinale/Content/MobileStarterContent/Materials/M_Tech_Panel.uasset" 467
"../../../../../Users/Ale/OneDrive/Documenti/Unreal Projects/progTecFinale/Content/MobileStarterContent/Textures/T_Tech_Hex_Tile_N.uasset" 468
"../../../../../Users/Ale/OneDrive/Documenti/Unreal Projects/progTecFinale/Content/MobileStarterContent/Textures/T_Tech_Hex_Tile_M.uasset" 469
"../../../../../Users/Ale/OneDrive/Documenti/Unreal Projects/progTecFinale/Content/MobileStarterContent/Textures/T_MacroVariation.uasset" 470
"../../../../../Users/Ale/OneDrive/Documenti/Unreal Projects/progTecFinale/Content/MobileStarterContent/Materials/M_Tech_Hex_Tile_Pulse.uasset" 471
"../../../../../Users/Ale/OneDrive/Documenti/Unreal Projects/progTecFinale/Content/MobileStarterContent/Materials/M_Tech_Hex_Tile.uasset" 472
"../../../../../Users/Ale/OneDrive/Documenti/Unreal Projects/progTecFinale/Content/MobileStarterContent/Textures/T_Tech_Dot_N.uasset" 473
"../../../../../Users/Ale/OneDrive/Documenti/Unreal Projects/progTecFinale/Content/MobileStarterContent/Textures/T_Tech_Dot_M.uasset" 474
"../../../../../Users/Ale/OneDrive/Documenti/Unreal Projects/progTecFinale/Content/MobileStarterContent/Textures/T_Single_Tile_N.uasset" 475
"../../../../../Users/Ale/OneDrive/Documenti/Unreal Projects/progTecFinale/Content/MobileStarterContent/Textures/T_Checker_Noise_M.uasset" 476
"../../../../../Users/Ale/OneDrive/Documenti/Unreal Projects/progTecFinale/Content/MobileStarterContent/Materials/M_Tech_Checker_Dot.uasset" 477
"../../../../../Users/Ale/OneDrive/Documenti/Unreal Projects/progTecFinale/Content/MobileStarterContent/Textures/T_Rock_Slate_N.uasset" 478
"../../../../../Users/Ale/OneDrive/Documenti/Unreal Projects/progTecFinale/Content/MobileStarterContent/Textures/T_Rock_Slate_D.uasset" 479
"../../../../../Users/Ale/OneDrive/Documenti/Unreal Projects/progTecFinale/Content/MobileStarterContent/Materials/M_Rock_Slate.uasset" 480
"../../../../../Users/Ale/OneDrive/Documenti/Unreal Projects/progTecFinale/Content/MobileStarterContent/Textures/T_Metal_Gold_N.uasset" 481
"../../../../../Users/Ale/OneDrive/Documenti/Unreal Projects/progTecFinale/Content/MobileStarterContent/Textures/T_Rock_Marble_Polished_D.uasset" 482
"../../../../../Users/Ale/OneDrive/Documenti/Unreal Projects/progTecFinale/Content/MobileStarterContent/Materials/M_Rock_Marble_Polished.uasset" 483
"../../../../../Users/Ale/OneDrive/Documenti/Unreal Projects/progTecFinale/Content/MobileStarterContent/Textures/T_Rock_Basalt_N.uasset" 484
"../../../../../Users/Ale/OneDrive/Documenti/Unreal Projects/progTecFinale/Content/MobileStarterContent/Materials/M_Rock_Basalt.uasset" 485
"../../../../../Users/Ale/OneDrive/Documenti/Unreal Projects/progTecFinale/Content/MobileStarterContent/Textures/T_Metal_Steel_N.uasset" 486
"../../../../../Users/Ale/OneDrive/Documenti/Unreal Projects/progTecFinale/Content/MobileStarterContent/Textures/T_Metal_Steel_D.uasset" 487
"../../../../../Users/Ale/OneDrive/Documenti/Unreal Projects/progTecFinale/Content/MobileStarterContent/Materials/M_Metal_Steel.uasset" 488
"../../../../../Users/Ale/OneDrive/Documenti/Unreal Projects/progTecFinale/Content/MobileStarterContent/Textures/T_Metal_Rust_D.uasset" 489
"../../../../../Users/Ale/OneDrive/Documenti/Unreal Projects/progTecFinale/Content/MobileStarterContent/Textures/T_Metal_Rust_N.uasset" 490
"../../../../../Users/Ale/OneDrive/Documenti/Unreal Projects/progTecFinale/Content/MobileStarterContent/Materials/M_Metal_Rust.uasset" 491
"../../../../../Users/Ale/OneDrive/Documenti/Unreal Projects/progTecFinale/Content/MobileStarterContent/Textures/T_Metal_Gold_D.uasset" 492
"../../../../../Users/Ale/OneDrive/Documenti/Unreal Projects/progTecFinale/Content/MobileStarterContent/Materials/M_Metal_Gold.uasset" 493
"../../../../../Users/Ale/OneDrive/Documenti/Unreal Projects/progTecFinale/Content/MobileStarterContent/Textures/T_Metal_Copper_D.uasset" 494
"../../../../../Users/Ale/OneDrive/Documenti/Unreal Projects/progTecFinale/Content/MobileStarterContent/Materials/M_Metal_Copper.uasset" 495
"../../../../../Users/Ale/OneDrive/Documenti/Unreal Projects/progTecFinale/Content/MobileStarterContent/Materials/M_Metal_Chrome.uasset" 496
"../../../../../Users/Ale/OneDrive/Documenti/Unreal Projects/progTecFinale/Content/MobileStarterContent/Textures/T_Metal_Aluminum_D.uasset" 497
"../../../../../Users/Ale/OneDrive/Documenti/Unreal Projects/progTecFinale/Content/MobileStarterContent/Materials/M_Metal_Burnished_Steel.uasset" 498
"../../../../../Users/Ale/OneDrive/Documenti/Unreal Projects/progTecFinale/Content/MobileStarterContent/Materials/M_Metal_Brushed_Nickel.uasset" 499
"../../../../../Users/Ale/OneDrive/Documenti/Unreal Projects/progTecFinale/Content/MobileStarterContent/Textures/T_Ground_Moss_N.uasset" 500
"../../../../../Users/Ale/OneDrive/Documenti/Unreal Projects/progTecFinale/Content/MobileStarterContent/Textures/T_ground_Moss_D.uasset" 501
"../../../../../Users/Ale/OneDrive/Documenti/Unreal Projects/progTecFinale/Content/MobileStarterContent/Materials/M_Ground_Moss.uasset" 502
"../../../../../Users/Ale/OneDrive/Documenti/Unreal Projects/progTecFinale/Content/MobileStarterContent/Textures/T_Ground_Gravel_N.uasset" 503
"../../../../../Users/Ale/OneDrive/Documenti/Unreal Projects/progTecFinale/Content/MobileStarterContent/Textures/T_Ground_Gravel_D.uasset" 504
"../../../../../Users/Ale/OneDrive/Documenti/Unreal Projects/progTecFinale/Content/MobileStarterContent/Materials/M_Ground_Gravel.uasset" 505
"../../../../../Users/Ale/OneDrive/Documenti/Unreal Projects/progTecFinale/Content/MobileStarterContent/Textures/T_Concrete_Tiles_N.uasset" 506
"../../../../../Users/Ale/OneDrive/Documenti/Unreal Projects/progTecFinale/Content/MobileStarterContent/Textures/T_Concrete_Tiles_M.uasset" 507
"../../../../../Users/Ale/OneDrive/Documenti/Unreal Projects/progTecFinale/Content/MobileStarterContent/Textures/T_Concrete_Tiles_D.uasset" 508
"../../../../../Users/Ale/OneDrive/Documenti/Unreal Projects/progTecFinale/Content/MobileStarterContent/Materials/M_Concrete_Tiles.uasset" 509
"../../../../../Users/Ale/OneDrive/Documenti/Unreal Projects/progTecFinale/Content/MobileStarterContent/Textures/T_Concrete_Poured_N.uasset" 510
"../../../../../Users/Ale/OneDrive/Documenti/Unreal Projects/progTecFinale/Content/MobileStarterContent/Textures/T_Concrete_Poured_D.uasset" 511
"../../../../../Users/Ale/OneDrive/Documenti/Unreal Projects/progTecFinale/Content/MobileStarterContent/Materials/M_Concrete_Poured.uasset" 512
"../../../../../Users/Ale/OneDrive/Documenti/Unreal Projects/progTecFinale/Content/MobileStarterContent/Textures/T_Concrete_Panels_N.uasset" 513
"../../../../../Users/Ale/OneDrive/Documenti/Unreal Projects/progTecFinale/Content/MobileStarterContent/Textures/T_Concrete_Panels_D.uasset" 514
"../../../../../Users/Ale/OneDrive/Documenti/Unreal Projects/progTecFinale/Content/MobileStarterContent/Materials/M_Concrete_Panels.uasset" 515
"../../../../../Users/Ale/OneDrive/Documenti/Unreal Projects/progTecFinale/Content/MobileStarterContent/Textures/T_Concrete_Grime_D.uasset" 516
"../../../../../Users/Ale/OneDrive/Documenti/Unreal Projects/progTecFinale/Content/MobileStarterContent/Materials/M_Concrete_Grime.uasset" 517
"../../../../../Users/Ale/OneDrive/Documenti/Unreal Projects/progTecFinale/Content/MobileStarterContent/Textures/T_CobbleStone_Smooth_N.uasset" 518
"../../../../../Users/Ale/OneDrive/Documenti/Unreal Projects/progTecFinale/Content/MobileStarterContent/Textures/T_CobbleStone_Smooth_M.uasset" 519
"../../../../../Users/Ale/OneDrive/Documenti/Unreal Projects/progTecFinale/Content/MobileStarterContent/Textures/T_CobbleStone_Smooth_D.uasset" 520
"../../../../../Users/Ale/OneDrive/Documenti/Unreal Projects/progTecFinale/Content/MobileStarterContent/Materials/M_CobbleStone_Smooth.uasset" 521
"../../../../../Users/Ale/OneDrive/Documenti/Unreal Projects/progTecFinale/Content/MobileStarterContent/Textures/T_CobbleStone_Rough_N.uasset" 522
"../../../../../Users/Ale/OneDrive/Documenti/Unreal Projects/progTecFinale/Content/MobileStarterContent/Textures/T_CobbleStone_Rough_D.uasset" 523
"../../../../../Users/Ale/OneDrive/Documenti/Unreal Projects/progTecFinale/Content/MobileStarterContent/Materials/M_CobbleStone_Rough.uasset" 524
"../../../../../Users/Ale/OneDrive/Documenti/Unreal Projects/progTecFinale/Content/MobileStarterContent/Textures/T_CobbleStone_Pebble_N.uasset" 525
"../../../../../Users/Ale/OneDrive/Documenti/Unreal Projects/progTecFinale/Content/MobileStarterContent/Textures/T_CobbleStone_Pebble_D.uasset" 526
"../../../../../Users/Ale/OneDrive/Documenti/Unreal Projects/progTecFinale/Content/MobileStarterContent/Materials/M_CobbleStone_Pebble.uasset" 527
"../../../../../Users/Ale/OneDrive/Documenti/Unreal Projects/progTecFinale/Content/MobileStarterContent/Textures/T_Ceramic_Tile_N.uasset" 528
"../../../../../Users/Ale/OneDrive/Documenti/Unreal Projects/progTecFinale/Content/MobileStarterContent/Textures/T_Ceramic_Tile_M.uasset" 529
"../../../../../Users/Ale/OneDrive/Documenti/Unreal Projects/progTecFinale/Content/MobileStarterContent/Materials/M_Ceramic_Tile_Checker.uasset" 530
"../../../../../Users/Ale/OneDrive/Documenti/Unreal Projects/progTecFinale/Content/MobileStarterContent/Textures/T_Brick_Hewn_Stone_N.uasset" 531
"../../../../../Users/Ale/OneDrive/Documenti/Unreal Projects/progTecFinale/Content/MobileStarterContent/Textures/T_Brick_Hewn_Stone_M.uasset" 532
"../../../../../Users/Ale/OneDrive/Documenti/Unreal Projects/progTecFinale/Content/MobileStarterContent/Textures/T_Brick_Hewn_Stone_D.uasset" 533
"../../../../../Users/Ale/OneDrive/Documenti/Unreal Projects/progTecFinale/Content/MobileStarterContent/Materials/M_Brick_Hewn_Stone.uasset" 534
"../../../../../Users/Ale/OneDrive/Documenti/Unreal Projects/progTecFinale/Content/MobileStarterContent/Textures/T_Brick_Cut_Stone_N.uasset" 535
"../../../../../Users/Ale/OneDrive/Documenti/Unreal Projects/progTecFinale/Content/MobileStarterContent/Textures/T_Brick_Cut_Stone_D.uasset" 536
"../../../../../Users/Ale/OneDrive/Documenti/Unreal Projects/progTecFinale/Content/MobileStarterContent/Materials/M_Brick_Cut_Stone.uasset" 537
"../../../../../Users/Ale/OneDrive/Documenti/Unreal Projects/progTecFinale/Content/MobileStarterContent/Textures/T_Brick_Clay_Old_N.uasset" 538
"../../../../../Users/Ale/OneDrive/Documenti/Unreal Projects/progTecFinale/Content/MobileStarterContent/Textures/T_Brick_Clay_Old_D.uasset" 539
"../../../../../Users/Ale/OneDrive/Documenti/Unreal Projects/progTecFinale/Content/MobileStarterContent/Materials/M_Brick_Clay_Old.uasset" 540
"../../../../../Users/Ale/OneDrive/Documenti/Unreal Projects/progTecFinale/Content/MobileStarterContent/Textures/T_Brick_Clay_New_N.uasset" 541
"../../../../../Users/Ale/OneDrive/Documenti/Unreal Projects/progTecFinale/Content/MobileStarterContent/Textures/T_Brick_Clay_New_M.uasset" 542
"../../../../../Users/Ale/OneDrive/Documenti/Unreal Projects/progTecFinale/Content/MobileStarterContent/Textures/T_Brick_Clay_New_D.uasset" 543
"../../../../../Users/Ale/OneDrive/Documenti/Unreal Projects/progTecFinale/Content/MobileStarterContent/Materials/M_Brick_Clay_New.uasset" 544
"../../../../../Users/Ale/OneDrive/Documenti/Unreal Projects/progTecFinale/Content/MobileStarterContent/Textures/T_Brick_Clay_Beveled_N.uasset" 545
"../../../../../Users/Ale/OneDrive/Documenti/Unreal Projects/progTecFinale/Content/MobileStarterContent/Textures/T_Brick_Clay_Beveled_M.uasset" 546
"../../../../../Users/Ale/OneDrive/Documenti/Unreal Projects/progTecFinale/Content/MobileStarterContent/Textures/T_Brick_Clay_Beveled_D.uasset" 547
"../../../../../Users/Ale/OneDrive/Documenti/Unreal Projects/progTecFinale/Content/MobileStarterContent/Materials/M_Brick_Clay_Beveled.uasset" 548
"../../../../../Users/Ale/OneDrive/Documenti/Unreal Projects/progTecFinale/Content/MobileStarterContent/Maps/StarterMap_BuiltData.uasset" 549
"../../../../../Users/Ale/OneDrive/Documenti/Unreal Projects/progTecFinale/Content/MobileStarterContent/Textures/T_Ground_Grass_N.uasset" 550
"../../../../../Users/Ale/OneDrive/Documenti/Unreal Projects/progTecFinale/Content/MobileStarterContent/Textures/T_Ground_Grass_D.uasset" 551
"../../../../../Users/Ale/OneDrive/Documenti/Unreal Projects/progTecFinale/Content/MobileStarterContent/Materials/M_Ground_Grass.uasset" 552
"../../../../../Users/Ale/OneDrive/Documenti/Unreal Projects/progTecFinale/Content/MobileStarterContent/Blueprints/Blueprint_WallSconce.uasset" 553
"../../../../../Users/Ale/OneDrive/Documenti/Unreal Projects/progTecFinale/Content/MobileStarterContent/Textures/T_Spark_Core.uasset" 554
"../../../../../Users/Ale/OneDrive/Documenti/Unreal Projects/progTecFinale/Content/MobileStarterContent/Particles/Materials/M_Spark.uasset" 555
"../../../../../Users/Ale/OneDrive/Documenti/Unreal Projects/progTecFinale/Content/MobileStarterContent/Particles/P_Sparks.uasset" 556
"../../../../../Users/Ale/OneDrive/Documenti/Unreal Projects/progTecFinale/Content/MobileStarterContent/Audio/Fire_Sparks01.uasset" 557
"../../../../../Users/Ale/OneDrive/Documenti/Unreal Projects/progTecFinale/Content/MobileStarterContent/Audio/Fire_Sparks01_Cue.uasset" 558
"../../../../../Users/Ale/OneDrive/Documenti/Unreal Projects/progTecFinale/Content/MobileStarterContent/Blueprints/Blueprint_Effect_Sparks.uasset" 559
"../../../../../Users/Ale/OneDrive/Documenti/Unreal Projects/progTecFinale/Content/MobileStarterContent/Particles/P_Smoke.uasset" 560
"../../../../../Users/Ale/OneDrive/Documenti/Unreal Projects/progTecFinale/Content/MobileStarterContent/Audio/Smoke01.uasset" 561
"../../../../../Users/Ale/OneDrive/Documenti/Unreal Projects/progTecFinale/Content/MobileStarterContent/Audio/Smoke01_Cue.uasset" 562
"../../../../../Users/Ale/OneDrive/Documenti/Unreal Projects/progTecFinale/Content/MobileStarterContent/Blueprints/Blueprint_Effect_Smoke.uasset" 563
"../../../../../Users/Ale/OneDrive/Documenti/Unreal Projects/progTecFinale/Content/MobileStarterContent/Props/SM_Lamp_Ceiling.uasset" 564
"../../../../../Users/Ale/OneDrive/Documenti/Unreal Projects/progTecFinale/Content/MobileStarterContent/Blueprints/Blueprint_CeilingLight.uasset" 565
"../../../../../Users/Ale/OneDrive/Documenti/Unreal Projects/progTecFinale/Content/MobileStarterContent/Audio/Starter_Music01.uasset" 566
"../../../../../Users/Ale/OneDrive/Documenti/Unreal Projects/progTecFinale/Content/MobileStarterContent/Audio/Starter_Music_Cue.uasset" 567
"../../../../../Users/Ale/OneDrive/Documenti/Unreal Projects/progTecFinale/Content/MobileStarterContent/Audio/Starter_Wind06.uasset" 568
"../../../../../Users/Ale/OneDrive/Documenti/Unreal Projects/progTecFinale/Content/MobileStarterContent/Audio/Starter_Wind05.uasset" 569
"../../../../../Users/Ale/OneDrive/Documenti/Unreal Projects/progTecFinale/Content/MobileStarterContent/Audio/Starter_Birds01.uasset" 570
"../../../../../Users/Ale/OneDrive/Documenti/Unreal Projects/progTecFinale/Content/MobileStarterContent/Audio/Starter_Background_Cue.uasset" 571
"../../../../../Users/Ale/OneDrive/Documenti/Unreal Projects/progTecFinale/Content/MobileStarterContent/Audio/Collapse02.uasset" 572
"../../../../../Users/Ale/OneDrive/Documenti/Unreal Projects/progTecFinale/Content/MobileStarterContent/Audio/Collapse01.uasset" 573
"../../../../../Users/Ale/OneDrive/Documenti/Unreal Projects/progTecFinale/Content/MobileStarterContent/Audio/Collapse_Cue.uasset" 574
"../../../../../Users/Ale/OneDrive/Documenti/Unreal Projects/progTecFinale/Content/MobileStarterContent/Architecture/Wall_Window_400x300.uasset" 575
"../../../../../Users/Ale/OneDrive/Documenti/Unreal Projects/progTecFinale/Content/MobileStarterContent/Maps/StarterMap.umap" 576
"../../../../../Users/Ale/OneDrive/Documenti/Unreal Projects/progTecFinale/Content/RollingBP/Maps/RollingBPExampleMap_BuiltData.uasset" 577
"../../../../../Users/Ale/OneDrive/Documenti/Unreal Projects/progTecFinale/Content/Rolling/Materials/PM_Ball.uasset" 578
"../../../../../Users/Ale/OneDrive/Documenti/Unreal Projects/progTecFinale/Content/Rolling/Materials/M_Blue_Checker.uasset" 579
"../../../../../Users/Ale/OneDrive/Documenti/Unreal Projects/progTecFinale/Content/Rolling/Meshes/BallMesh.uasset" 580
"../../../../../Users/Ale/OneDrive/Documenti/Unreal Projects/progTecFinale/Content/RollingBP/Blueprints/PhysicsBallBP.uasset" 581
"../../../../../Users/Ale/OneDrive/Documenti/Unreal Projects/progTecFinale/Content/RollingBP/Blueprints/RollingGameMode.uasset" 582
"../../../../../Users/Ale/OneDrive/Documenti/Unreal Projects/progTecFinale/Content/Rolling/Materials/BaseMaterial.uasset" 583
"../../../../../Users/Ale/OneDrive/Documenti/Unreal Projects/progTecFinale/Content/Rolling/Materials/OrangeMetalMaterial.uasset" 584
"../../../../../Users/Ale/OneDrive/Documenti/Unreal Projects/progTecFinale/Content/Rolling/Materials/GrayMetalMaterial.uasset" 585
"../../../../../Users/Ale/OneDrive/Documenti/Unreal Projects/progTecFinale/Content/Rolling/Materials/GrayMaterial.uasset" 586
"../../../../../Users/Ale/OneDrive/Documenti/Unreal Projects/progTecFinale/Content/Geometry/Meshes/CubeMaterial.uasset" 587
"../../../../../Users/Ale/OneDrive/Documenti/Unreal Projects/progTecFinale/Content/Geometry/Meshes/TemplateFloor.uasset" 588
"../../../../../Users/Ale/OneDrive/Documenti/Unreal Projects/progTecFinale/Content/Geometry/Meshes/1M_Cube_Chamfer.uasset" 589
"../../../../../Users/Ale/OneDrive/Documenti/Unreal Projects/progTecFinale/Content/Geometry/Meshes/1M_Cube.uasset" 590
"../../../../../Users/Ale/OneDrive/Documenti/Unreal Projects/progTecFinale/Content/RollingBP/Maps/RollingBPExampleMap.umap" 591
"../../../Engine/Content/EngineMaterials/AntiAliasedTextMaterialTranslucent.uasset" 592
"../../../../../Users/Ale/OneDrive/Documenti/Unreal Projects/progTecFinale/Content/SideScrollerBP/Maps/SideScrollerExampleMap_BuiltData.uasset" 593
"../../../../../Users/Ale/OneDrive/Documenti/Unreal Projects/progTecFinale/Content/SideScrollerBP/Maps/SideScrollerExampleMap.umap" 594
"../../../../../Users/Ale/OneDrive/Documenti/Unreal Projects/progTecFinale/Content/ThirdPersonCPP/Maps/ThirdPersonExampleMap_BuiltData.uasset" 595
"../../../../../Users/Ale/OneDrive/Documenti/Unreal Projects/progTecFinale/Content/ThirdPerson/Meshes/RampMaterial.uasset" 596
"../../../../../Users/Ale/OneDrive/Documenti/Unreal Projects/progTecFinale/Content/ThirdPerson/Meshes/RightArm_StaticMesh.uasset" 597
"../../../../../Users/Ale/OneDrive/Documenti/Unreal Projects/progTecFinale/Content/ThirdPerson/Meshes/Ramp_StaticMesh.uasset" 598
"../../../../../Users/Ale/OneDrive/Documenti/Unreal Projects/progTecFinale/Content/ThirdPerson/Meshes/Linear_Stair_StaticMesh.uasset" 599
"../../../../../Users/Ale/OneDrive/Documenti/Unreal Projects/progTecFinale/Content/ThirdPerson/Meshes/LeftArm_StaticMesh.uasset" 600
"../../../../../Users/Ale/OneDrive/Documenti/Unreal Projects/progTecFinale/Content/ThirdPerson/Meshes/Bump_StaticMesh.uasset" 601
"../../../../../Users/Ale/OneDrive/Documenti/Unreal Projects/progTecFinale/Content/ThirdPersonCPP/Maps/ThirdPersonExampleMap.umap" 602
"../../../Engine/Content/Maps/Entry_BuiltData.uasset" 603
"../../../Engine/Content/Maps/Entry.umap" 604
